2021-09-08 09:01:37 INFO     Saving logs in: /home/datascienceadmin/silva/KGEmb/logs/09_08/WN18RR/RotH_09_01_37
2021-09-08 09:01:37 INFO     	 (40943, 22, 40943)
2021-09-08 09:01:38 INFO     Total number of parameters 8283708
2021-09-08 09:01:43 INFO     	 Start training
2021-09-08 09:01:58 INFO     	 Epoch 0 | average train loss: 0.1342
2021-09-08 09:01:58 INFO     	 Epoch 0 | average valid loss: 0.0800
2021-09-08 09:02:12 INFO     	 Epoch 1 | average train loss: 0.0627
2021-09-08 09:02:12 INFO     	 Epoch 1 | average valid loss: 0.0749
2021-09-08 09:02:27 INFO     	 Epoch 2 | average train loss: 0.0508
2021-09-08 09:02:27 INFO     	 Epoch 2 | average valid loss: 0.0711
2021-09-08 09:02:42 INFO     	 Epoch 3 | average train loss: 0.0419
2021-09-08 09:02:42 INFO     	 Epoch 3 | average valid loss: 0.0666
2021-09-08 09:02:57 INFO     	 Epoch 4 | average train loss: 0.0355
2021-09-08 09:02:57 INFO     	 Epoch 4 | average valid loss: 0.0629
2021-09-08 09:02:58 INFO     	 valid MR: 6157.50 | MRR: 0.190 | H@1: 0.157 | H@3: 0.197 | H@10: 0.249
2021-09-08 09:02:58 INFO     	 Saving model at epoch 4 in /home/datascienceadmin/silva/KGEmb/logs/09_08/WN18RR/RotH_09_01_37
2021-09-08 09:03:13 INFO     	 Epoch 5 | average train loss: 0.0315
2021-09-08 09:03:13 INFO     	 Epoch 5 | average valid loss: 0.0599
2021-09-08 09:03:28 INFO     	 Epoch 6 | average train loss: 0.0286
2021-09-08 09:03:28 INFO     	 Epoch 6 | average valid loss: 0.0578
2021-09-08 09:03:43 INFO     	 Epoch 7 | average train loss: 0.0264
2021-09-08 09:03:43 INFO     	 Epoch 7 | average valid loss: 0.0565
2021-09-08 09:03:58 INFO     	 Epoch 8 | average train loss: 0.0247
2021-09-08 09:03:58 INFO     	 Epoch 8 | average valid loss: 0.0550
2021-09-08 09:04:12 INFO     	 Epoch 9 | average train loss: 0.0232
2021-09-08 09:04:12 INFO     	 Epoch 9 | average valid loss: 0.0541
2021-09-08 09:04:14 INFO     	 valid MR: 4469.60 | MRR: 0.338 | H@1: 0.292 | H@3: 0.361 | H@10: 0.421
2021-09-08 09:04:14 INFO     	 Saving model at epoch 9 in /home/datascienceadmin/silva/KGEmb/logs/09_08/WN18RR/RotH_09_01_37
2021-09-08 09:04:29 INFO     	 Epoch 10 | average train loss: 0.0219
2021-09-08 09:04:29 INFO     	 Epoch 10 | average valid loss: 0.0533
2021-09-08 09:04:44 INFO     	 Epoch 11 | average train loss: 0.0207
2021-09-08 09:04:44 INFO     	 Epoch 11 | average valid loss: 0.0527
2021-09-08 09:04:59 INFO     	 Epoch 12 | average train loss: 0.0197
2021-09-08 09:04:59 INFO     	 Epoch 12 | average valid loss: 0.0519
2021-09-08 09:05:14 INFO     	 Epoch 13 | average train loss: 0.0187
2021-09-08 09:05:14 INFO     	 Epoch 13 | average valid loss: 0.0512
2021-09-08 09:05:29 INFO     	 Epoch 14 | average train loss: 0.0179
2021-09-08 09:05:29 INFO     	 Epoch 14 | average valid loss: 0.0507
2021-09-08 09:05:30 INFO     	 valid MR: 3687.03 | MRR: 0.376 | H@1: 0.319 | H@3: 0.409 | H@10: 0.474
2021-09-08 09:05:30 INFO     	 Saving model at epoch 14 in /home/datascienceadmin/silva/KGEmb/logs/09_08/WN18RR/RotH_09_01_37
2021-09-08 09:05:46 INFO     	 Epoch 15 | average train loss: 0.0171
2021-09-08 09:05:46 INFO     	 Epoch 15 | average valid loss: 0.0502
2021-09-08 09:06:01 INFO     	 Epoch 16 | average train loss: 0.0163
2021-09-08 09:06:01 INFO     	 Epoch 16 | average valid loss: 0.0496
2021-09-08 09:06:16 INFO     	 Epoch 17 | average train loss: 0.0157
2021-09-08 09:06:16 INFO     	 Epoch 17 | average valid loss: 0.0493
2021-09-08 09:06:31 INFO     	 Epoch 18 | average train loss: 0.0150
2021-09-08 09:06:31 INFO     	 Epoch 18 | average valid loss: 0.0489
2021-09-08 09:06:46 INFO     	 Epoch 19 | average train loss: 0.0144
2021-09-08 09:06:46 INFO     	 Epoch 19 | average valid loss: 0.0485
2021-09-08 09:06:47 INFO     	 valid MR: 3223.39 | MRR: 0.402 | H@1: 0.340 | H@3: 0.436 | H@10: 0.509
2021-09-08 09:06:47 INFO     	 Saving model at epoch 19 in /home/datascienceadmin/silva/KGEmb/logs/09_08/WN18RR/RotH_09_01_37
2021-09-08 09:07:02 INFO     	 Epoch 20 | average train loss: 0.0138
2021-09-08 09:07:02 INFO     	 Epoch 20 | average valid loss: 0.0483
2021-09-08 09:07:17 INFO     	 Epoch 21 | average train loss: 0.0133
2021-09-08 09:07:17 INFO     	 Epoch 21 | average valid loss: 0.0479
2021-09-08 09:07:31 INFO     	 Epoch 22 | average train loss: 0.0128
2021-09-08 09:07:32 INFO     	 Epoch 22 | average valid loss: 0.0477
2021-09-08 09:07:46 INFO     	 Epoch 23 | average train loss: 0.0123
2021-09-08 09:07:46 INFO     	 Epoch 23 | average valid loss: 0.0473
2021-09-08 09:08:01 INFO     	 Epoch 24 | average train loss: 0.0118
2021-09-08 09:08:01 INFO     	 Epoch 24 | average valid loss: 0.0472
2021-09-08 09:08:02 INFO     	 valid MR: 2951.81 | MRR: 0.417 | H@1: 0.350 | H@3: 0.456 | H@10: 0.528
2021-09-08 09:08:02 INFO     	 Saving model at epoch 24 in /home/datascienceadmin/silva/KGEmb/logs/09_08/WN18RR/RotH_09_01_37
2021-09-08 09:08:18 INFO     	 Epoch 25 | average train loss: 0.0114
2021-09-08 09:08:18 INFO     	 Epoch 25 | average valid loss: 0.0468
2021-09-08 09:08:33 INFO     	 Epoch 26 | average train loss: 0.0109
2021-09-08 09:08:33 INFO     	 Epoch 26 | average valid loss: 0.0468
2021-09-08 09:08:48 INFO     	 Epoch 27 | average train loss: 0.0105
2021-09-08 09:08:48 INFO     	 Epoch 27 | average valid loss: 0.0463
2021-09-08 09:09:03 INFO     	 Epoch 28 | average train loss: 0.0102
2021-09-08 09:09:03 INFO     	 Epoch 28 | average valid loss: 0.0463
2021-09-08 09:09:18 INFO     	 Epoch 29 | average train loss: 0.0098
2021-09-08 09:09:18 INFO     	 Epoch 29 | average valid loss: 0.0462
2021-09-08 09:09:19 INFO     	 valid MR: 2761.81 | MRR: 0.427 | H@1: 0.358 | H@3: 0.467 | H@10: 0.542
2021-09-08 09:09:19 INFO     	 Saving model at epoch 29 in /home/datascienceadmin/silva/KGEmb/logs/09_08/WN18RR/RotH_09_01_37
2021-09-08 09:09:34 INFO     	 Epoch 30 | average train loss: 0.0094
2021-09-08 09:09:34 INFO     	 Epoch 30 | average valid loss: 0.0458
2021-09-08 09:09:49 INFO     	 Epoch 31 | average train loss: 0.0091
2021-09-08 09:09:49 INFO     	 Epoch 31 | average valid loss: 0.0459
2021-09-08 09:10:03 INFO     	 Epoch 32 | average train loss: 0.0088
2021-09-08 09:10:03 INFO     	 Epoch 32 | average valid loss: 0.0458
2021-09-08 09:10:18 INFO     	 Epoch 33 | average train loss: 0.0085
2021-09-08 09:10:18 INFO     	 Epoch 33 | average valid loss: 0.0456
2021-09-08 09:10:32 INFO     	 Epoch 34 | average train loss: 0.0082
2021-09-08 09:10:33 INFO     	 Epoch 34 | average valid loss: 0.0456
2021-09-08 09:10:34 INFO     	 valid MR: 2625.51 | MRR: 0.435 | H@1: 0.366 | H@3: 0.477 | H@10: 0.553
2021-09-08 09:10:34 INFO     	 Saving model at epoch 34 in /home/datascienceadmin/silva/KGEmb/logs/09_08/WN18RR/RotH_09_01_37
2021-09-08 09:10:49 INFO     	 Epoch 35 | average train loss: 0.0079
2021-09-08 09:10:49 INFO     	 Epoch 35 | average valid loss: 0.0457
2021-09-08 09:11:04 INFO     	 Epoch 36 | average train loss: 0.0076
2021-09-08 09:11:04 INFO     	 Epoch 36 | average valid loss: 0.0454
2021-09-08 09:11:19 INFO     	 Epoch 37 | average train loss: 0.0074
2021-09-08 09:11:19 INFO     	 Epoch 37 | average valid loss: 0.0453
2021-09-08 09:11:34 INFO     	 Epoch 38 | average train loss: 0.0071
2021-09-08 09:11:34 INFO     	 Epoch 38 | average valid loss: 0.0454
2021-09-08 09:11:49 INFO     	 Epoch 39 | average train loss: 0.0069
2021-09-08 09:11:49 INFO     	 Epoch 39 | average valid loss: 0.0452
2021-09-08 09:11:50 INFO     	 valid MR: 2543.76 | MRR: 0.440 | H@1: 0.370 | H@3: 0.478 | H@10: 0.556
2021-09-08 09:11:50 INFO     	 Saving model at epoch 39 in /home/datascienceadmin/silva/KGEmb/logs/09_08/WN18RR/RotH_09_01_37
2021-09-08 09:12:06 INFO     	 Epoch 40 | average train loss: 0.0066
2021-09-08 09:12:06 INFO     	 Epoch 40 | average valid loss: 0.0453
2021-09-08 09:12:21 INFO     	 Epoch 41 | average train loss: 0.0064
2021-09-08 09:12:21 INFO     	 Epoch 41 | average valid loss: 0.0453
2021-09-08 09:12:37 INFO     	 Epoch 42 | average train loss: 0.0062
2021-09-08 09:12:37 INFO     	 Epoch 42 | average valid loss: 0.0453
2021-09-08 09:12:52 INFO     	 Epoch 43 | average train loss: 0.0060
2021-09-08 09:12:52 INFO     	 Epoch 43 | average valid loss: 0.0454
2021-09-08 09:13:06 INFO     	 Epoch 44 | average train loss: 0.0058
2021-09-08 09:13:07 INFO     	 Epoch 44 | average valid loss: 0.0454
2021-09-08 09:13:08 INFO     	 valid MR: 2480.17 | MRR: 0.448 | H@1: 0.380 | H@3: 0.484 | H@10: 0.562
2021-09-08 09:13:08 INFO     	 Saving model at epoch 44 in /home/datascienceadmin/silva/KGEmb/logs/09_08/WN18RR/RotH_09_01_37
2021-09-08 09:13:23 INFO     	 Epoch 45 | average train loss: 0.0056
2021-09-08 09:13:23 INFO     	 Epoch 45 | average valid loss: 0.0453
2021-09-08 09:13:38 INFO     	 Epoch 46 | average train loss: 0.0054
2021-09-08 09:13:38 INFO     	 Epoch 46 | average valid loss: 0.0457
2021-09-08 09:13:53 INFO     	 Epoch 47 | average train loss: 0.0053
2021-09-08 09:13:53 INFO     	 Epoch 47 | average valid loss: 0.0458
2021-09-08 09:14:08 INFO     	 Epoch 48 | average train loss: 0.0051
2021-09-08 09:14:09 INFO     	 Epoch 48 | average valid loss: 0.0455
2021-09-08 09:14:24 INFO     	 Epoch 49 | average train loss: 0.0049
2021-09-08 09:14:24 INFO     	 Epoch 49 | average valid loss: 0.0457
2021-09-08 09:14:25 INFO     	 valid MR: 2429.25 | MRR: 0.454 | H@1: 0.388 | H@3: 0.489 | H@10: 0.565
2021-09-08 09:14:25 INFO     	 Saving model at epoch 49 in /home/datascienceadmin/silva/KGEmb/logs/09_08/WN18RR/RotH_09_01_37
2021-09-08 09:14:41 INFO     	 Epoch 50 | average train loss: 0.0048
2021-09-08 09:14:41 INFO     	 Epoch 50 | average valid loss: 0.0461
2021-09-08 09:14:56 INFO     	 Epoch 51 | average train loss: 0.0046
2021-09-08 09:14:56 INFO     	 Epoch 51 | average valid loss: 0.0460
2021-09-08 09:15:10 INFO     	 Epoch 52 | average train loss: 0.0045
2021-09-08 09:15:10 INFO     	 Epoch 52 | average valid loss: 0.0461
2021-09-08 09:15:25 INFO     	 Epoch 53 | average train loss: 0.0043
2021-09-08 09:15:25 INFO     	 Epoch 53 | average valid loss: 0.0460
2021-09-08 09:15:40 INFO     	 Epoch 54 | average train loss: 0.0042
2021-09-08 09:15:40 INFO     	 Epoch 54 | average valid loss: 0.0463
2021-09-08 09:15:41 INFO     	 valid MR: 2398.21 | MRR: 0.459 | H@1: 0.395 | H@3: 0.494 | H@10: 0.570
2021-09-08 09:15:41 INFO     	 Saving model at epoch 54 in /home/datascienceadmin/silva/KGEmb/logs/09_08/WN18RR/RotH_09_01_37
2021-09-08 09:15:57 INFO     	 Epoch 55 | average train loss: 0.0041
2021-09-08 09:15:57 INFO     	 Epoch 55 | average valid loss: 0.0463
2021-09-08 09:16:11 INFO     	 Epoch 56 | average train loss: 0.0039
2021-09-08 09:16:12 INFO     	 Epoch 56 | average valid loss: 0.0466
2021-09-08 09:16:27 INFO     	 Epoch 57 | average train loss: 0.0038
2021-09-08 09:16:27 INFO     	 Epoch 57 | average valid loss: 0.0468
2021-09-08 09:16:41 INFO     	 Epoch 58 | average train loss: 0.0037
2021-09-08 09:16:41 INFO     	 Epoch 58 | average valid loss: 0.0469
2021-09-08 09:16:56 INFO     	 Epoch 59 | average train loss: 0.0036
2021-09-08 09:16:56 INFO     	 Epoch 59 | average valid loss: 0.0475
2021-09-08 09:16:57 INFO     	 valid MR: 2366.54 | MRR: 0.463 | H@1: 0.400 | H@3: 0.497 | H@10: 0.573
2021-09-08 09:16:57 INFO     	 Saving model at epoch 59 in /home/datascienceadmin/silva/KGEmb/logs/09_08/WN18RR/RotH_09_01_37
2021-09-08 09:17:12 INFO     	 Epoch 60 | average train loss: 0.0035
2021-09-08 09:17:12 INFO     	 Epoch 60 | average valid loss: 0.0476
2021-09-08 09:17:27 INFO     	 Epoch 61 | average train loss: 0.0034
2021-09-08 09:17:27 INFO     	 Epoch 61 | average valid loss: 0.0477
2021-09-08 09:17:42 INFO     	 Epoch 62 | average train loss: 0.0033
2021-09-08 09:17:42 INFO     	 Epoch 62 | average valid loss: 0.0475
2021-09-08 09:17:57 INFO     	 Epoch 63 | average train loss: 0.0032
2021-09-08 09:17:57 INFO     	 Epoch 63 | average valid loss: 0.0477
2021-09-08 09:18:11 INFO     	 Epoch 64 | average train loss: 0.0031
2021-09-08 09:18:11 INFO     	 Epoch 64 | average valid loss: 0.0479
2021-09-08 09:18:12 INFO     	 valid MR: 2332.92 | MRR: 0.466 | H@1: 0.403 | H@3: 0.497 | H@10: 0.575
2021-09-08 09:18:12 INFO     	 Saving model at epoch 64 in /home/datascienceadmin/silva/KGEmb/logs/09_08/WN18RR/RotH_09_01_37
2021-09-08 09:18:28 INFO     	 Epoch 65 | average train loss: 0.0030
2021-09-08 09:18:28 INFO     	 Epoch 65 | average valid loss: 0.0480
2021-09-08 09:18:42 INFO     	 Epoch 66 | average train loss: 0.0029
2021-09-08 09:18:43 INFO     	 Epoch 66 | average valid loss: 0.0482
2021-09-08 09:18:57 INFO     	 Epoch 67 | average train loss: 0.0028
2021-09-08 09:18:57 INFO     	 Epoch 67 | average valid loss: 0.0483
2021-09-08 09:19:12 INFO     	 Epoch 68 | average train loss: 0.0028
2021-09-08 09:19:12 INFO     	 Epoch 68 | average valid loss: 0.0486
2021-09-08 09:19:27 INFO     	 Epoch 69 | average train loss: 0.0027
2021-09-08 09:19:27 INFO     	 Epoch 69 | average valid loss: 0.0489
2021-09-08 09:19:28 INFO     	 valid MR: 2337.38 | MRR: 0.471 | H@1: 0.410 | H@3: 0.500 | H@10: 0.578
2021-09-08 09:19:28 INFO     	 Saving model at epoch 69 in /home/datascienceadmin/silva/KGEmb/logs/09_08/WN18RR/RotH_09_01_37
2021-09-08 09:19:44 INFO     	 Epoch 70 | average train loss: 0.0026
2021-09-08 09:19:44 INFO     	 Epoch 70 | average valid loss: 0.0492
2021-09-08 09:19:59 INFO     	 Epoch 71 | average train loss: 0.0025
2021-09-08 09:19:59 INFO     	 Epoch 71 | average valid loss: 0.0493
2021-09-08 09:20:14 INFO     	 Epoch 72 | average train loss: 0.0025
2021-09-08 09:20:14 INFO     	 Epoch 72 | average valid loss: 0.0498
2021-09-08 09:20:30 INFO     	 Epoch 73 | average train loss: 0.0024
2021-09-08 09:20:30 INFO     	 Epoch 73 | average valid loss: 0.0495
2021-09-08 09:20:44 INFO     	 Epoch 74 | average train loss: 0.0023
2021-09-08 09:20:45 INFO     	 Epoch 74 | average valid loss: 0.0499
2021-09-08 09:20:46 INFO     	 valid MR: 2309.62 | MRR: 0.473 | H@1: 0.412 | H@3: 0.501 | H@10: 0.580
2021-09-08 09:20:46 INFO     	 Saving model at epoch 74 in /home/datascienceadmin/silva/KGEmb/logs/09_08/WN18RR/RotH_09_01_37
2021-09-08 09:21:01 INFO     	 Epoch 75 | average train loss: 0.0023
2021-09-08 09:21:01 INFO     	 Epoch 75 | average valid loss: 0.0501
2021-09-08 09:21:16 INFO     	 Epoch 76 | average train loss: 0.0022
2021-09-08 09:21:16 INFO     	 Epoch 76 | average valid loss: 0.0507
2021-09-08 09:21:30 INFO     	 Epoch 77 | average train loss: 0.0021
2021-09-08 09:21:30 INFO     	 Epoch 77 | average valid loss: 0.0506
2021-09-08 09:21:45 INFO     	 Epoch 78 | average train loss: 0.0021
2021-09-08 09:21:45 INFO     	 Epoch 78 | average valid loss: 0.0507
2021-09-08 09:22:00 INFO     	 Epoch 79 | average train loss: 0.0020
2021-09-08 09:22:00 INFO     	 Epoch 79 | average valid loss: 0.0513
2021-09-08 09:22:02 INFO     	 valid MR: 2309.36 | MRR: 0.477 | H@1: 0.418 | H@3: 0.505 | H@10: 0.583
2021-09-08 09:22:02 INFO     	 Saving model at epoch 79 in /home/datascienceadmin/silva/KGEmb/logs/09_08/WN18RR/RotH_09_01_37
2021-09-08 09:22:17 INFO     	 Epoch 80 | average train loss: 0.0020
2021-09-08 09:22:18 INFO     	 Epoch 80 | average valid loss: 0.0516
2021-09-08 09:22:33 INFO     	 Epoch 81 | average train loss: 0.0019
2021-09-08 09:22:33 INFO     	 Epoch 81 | average valid loss: 0.0521
2021-09-08 09:22:48 INFO     	 Epoch 82 | average train loss: 0.0019
2021-09-08 09:22:48 INFO     	 Epoch 82 | average valid loss: 0.0525
2021-09-08 09:23:03 INFO     	 Epoch 83 | average train loss: 0.0018
2021-09-08 09:23:03 INFO     	 Epoch 83 | average valid loss: 0.0527
2021-09-08 09:23:19 INFO     	 Epoch 84 | average train loss: 0.0018
2021-09-08 09:23:19 INFO     	 Epoch 84 | average valid loss: 0.0530
2021-09-08 09:23:20 INFO     	 valid MR: 2289.07 | MRR: 0.477 | H@1: 0.420 | H@3: 0.501 | H@10: 0.582
2021-09-08 09:23:20 INFO     	 Saving model at epoch 84 in /home/datascienceadmin/silva/KGEmb/logs/09_08/WN18RR/RotH_09_01_37
2021-09-08 09:23:36 INFO     	 Epoch 85 | average train loss: 0.0017
2021-09-08 09:23:36 INFO     	 Epoch 85 | average valid loss: 0.0530
2021-09-08 09:23:51 INFO     	 Epoch 86 | average train loss: 0.0017
2021-09-08 09:23:51 INFO     	 Epoch 86 | average valid loss: 0.0532
2021-09-08 09:24:06 INFO     	 Epoch 87 | average train loss: 0.0017
2021-09-08 09:24:06 INFO     	 Epoch 87 | average valid loss: 0.0534
2021-09-08 09:24:21 INFO     	 Epoch 88 | average train loss: 0.0016
2021-09-08 09:24:21 INFO     	 Epoch 88 | average valid loss: 0.0535
2021-09-08 09:24:36 INFO     	 Epoch 89 | average train loss: 0.0016
2021-09-08 09:24:36 INFO     	 Epoch 89 | average valid loss: 0.0537
2021-09-08 09:24:38 INFO     	 valid MR: 2286.42 | MRR: 0.480 | H@1: 0.423 | H@3: 0.505 | H@10: 0.582
2021-09-08 09:24:38 INFO     	 Saving model at epoch 89 in /home/datascienceadmin/silva/KGEmb/logs/09_08/WN18RR/RotH_09_01_37
2021-09-08 09:24:53 INFO     	 Epoch 90 | average train loss: 0.0015
2021-09-08 09:24:53 INFO     	 Epoch 90 | average valid loss: 0.0538
2021-09-08 09:25:08 INFO     	 Epoch 91 | average train loss: 0.0015
2021-09-08 09:25:08 INFO     	 Epoch 91 | average valid loss: 0.0540
2021-09-08 09:25:22 INFO     	 Epoch 92 | average train loss: 0.0015
2021-09-08 09:25:23 INFO     	 Epoch 92 | average valid loss: 0.0543
2021-09-08 09:25:37 INFO     	 Epoch 93 | average train loss: 0.0014
2021-09-08 09:25:37 INFO     	 Epoch 93 | average valid loss: 0.0545
2021-09-08 09:25:52 INFO     	 Epoch 94 | average train loss: 0.0014
2021-09-08 09:25:52 INFO     	 Epoch 94 | average valid loss: 0.0550
2021-09-08 09:25:53 INFO     	 valid MR: 2292.07 | MRR: 0.480 | H@1: 0.424 | H@3: 0.504 | H@10: 0.583
2021-09-08 09:25:53 INFO     	 Saving model at epoch 94 in /home/datascienceadmin/silva/KGEmb/logs/09_08/WN18RR/RotH_09_01_37
2021-09-08 09:26:09 INFO     	 Epoch 95 | average train loss: 0.0014
2021-09-08 09:26:09 INFO     	 Epoch 95 | average valid loss: 0.0550
2021-09-08 09:26:24 INFO     	 Epoch 96 | average train loss: 0.0013
2021-09-08 09:26:24 INFO     	 Epoch 96 | average valid loss: 0.0559
2021-09-08 09:26:39 INFO     	 Epoch 97 | average train loss: 0.0013
2021-09-08 09:26:39 INFO     	 Epoch 97 | average valid loss: 0.0558
2021-09-08 09:26:54 INFO     	 Epoch 98 | average train loss: 0.0013
2021-09-08 09:26:54 INFO     	 Epoch 98 | average valid loss: 0.0559
2021-09-08 09:27:09 INFO     	 Epoch 99 | average train loss: 0.0012
2021-09-08 09:27:09 INFO     	 Epoch 99 | average valid loss: 0.0563
2021-09-08 09:27:10 INFO     	 valid MR: 2275.24 | MRR: 0.483 | H@1: 0.428 | H@3: 0.504 | H@10: 0.582
2021-09-08 09:27:10 INFO     	 Saving model at epoch 99 in /home/datascienceadmin/silva/KGEmb/logs/09_08/WN18RR/RotH_09_01_37
2021-09-08 09:27:26 INFO     	 Epoch 100 | average train loss: 0.0012
2021-09-08 09:27:26 INFO     	 Epoch 100 | average valid loss: 0.0567
2021-09-08 09:27:41 INFO     	 Epoch 101 | average train loss: 0.0012
2021-09-08 09:27:41 INFO     	 Epoch 101 | average valid loss: 0.0568
2021-09-08 09:27:55 INFO     	 Epoch 102 | average train loss: 0.0012
2021-09-08 09:27:55 INFO     	 Epoch 102 | average valid loss: 0.0566
2021-09-08 09:28:10 INFO     	 Epoch 103 | average train loss: 0.0011
2021-09-08 09:28:10 INFO     	 Epoch 103 | average valid loss: 0.0570
2021-09-08 09:28:25 INFO     	 Epoch 104 | average train loss: 0.0011
2021-09-08 09:28:25 INFO     	 Epoch 104 | average valid loss: 0.0575
2021-09-08 09:28:26 INFO     	 valid MR: 2260.79 | MRR: 0.484 | H@1: 0.431 | H@3: 0.505 | H@10: 0.585
2021-09-08 09:28:26 INFO     	 Saving model at epoch 104 in /home/datascienceadmin/silva/KGEmb/logs/09_08/WN18RR/RotH_09_01_37
2021-09-08 09:28:41 INFO     	 Epoch 105 | average train loss: 0.0011
2021-09-08 09:28:41 INFO     	 Epoch 105 | average valid loss: 0.0575
2021-09-08 09:28:56 INFO     	 Epoch 106 | average train loss: 0.0011
2021-09-08 09:28:56 INFO     	 Epoch 106 | average valid loss: 0.0576
2021-09-08 09:29:10 INFO     	 Epoch 107 | average train loss: 0.0010
2021-09-08 09:29:11 INFO     	 Epoch 107 | average valid loss: 0.0578
2021-09-08 09:29:25 INFO     	 Epoch 108 | average train loss: 0.0010
2021-09-08 09:29:25 INFO     	 Epoch 108 | average valid loss: 0.0585
2021-09-08 09:29:40 INFO     	 Epoch 109 | average train loss: 0.0010
2021-09-08 09:29:40 INFO     	 Epoch 109 | average valid loss: 0.0591
2021-09-08 09:29:41 INFO     	 valid MR: 2270.61 | MRR: 0.485 | H@1: 0.432 | H@3: 0.507 | H@10: 0.582
2021-09-08 09:29:41 INFO     	 Saving model at epoch 109 in /home/datascienceadmin/silva/KGEmb/logs/09_08/WN18RR/RotH_09_01_37
2021-09-08 09:29:57 INFO     	 Epoch 110 | average train loss: 0.0010
2021-09-08 09:29:57 INFO     	 Epoch 110 | average valid loss: 0.0592
2021-09-08 09:30:12 INFO     	 Epoch 111 | average train loss: 0.0010
2021-09-08 09:30:12 INFO     	 Epoch 111 | average valid loss: 0.0597
2021-09-08 09:30:27 INFO     	 Epoch 112 | average train loss: 0.0010
2021-09-08 09:30:27 INFO     	 Epoch 112 | average valid loss: 0.0594
2021-09-08 09:30:42 INFO     	 Epoch 113 | average train loss: 0.0009
2021-09-08 09:30:42 INFO     	 Epoch 113 | average valid loss: 0.0592
2021-09-08 09:30:57 INFO     	 Epoch 114 | average train loss: 0.0009
2021-09-08 09:30:57 INFO     	 Epoch 114 | average valid loss: 0.0603
2021-09-08 09:30:58 INFO     	 valid MR: 2280.02 | MRR: 0.486 | H@1: 0.433 | H@3: 0.506 | H@10: 0.587
2021-09-08 09:30:58 INFO     	 Saving model at epoch 114 in /home/datascienceadmin/silva/KGEmb/logs/09_08/WN18RR/RotH_09_01_37
2021-09-08 09:31:13 INFO     	 Epoch 115 | average train loss: 0.0009
2021-09-08 09:31:13 INFO     	 Epoch 115 | average valid loss: 0.0607
2021-09-08 09:31:29 INFO     	 Epoch 116 | average train loss: 0.0009
2021-09-08 09:31:29 INFO     	 Epoch 116 | average valid loss: 0.0605
2021-09-08 09:31:44 INFO     	 Epoch 117 | average train loss: 0.0009
2021-09-08 09:31:44 INFO     	 Epoch 117 | average valid loss: 0.0604
2021-09-08 09:31:58 INFO     	 Epoch 118 | average train loss: 0.0008
2021-09-08 09:31:58 INFO     	 Epoch 118 | average valid loss: 0.0610
2021-09-08 09:32:13 INFO     	 Epoch 119 | average train loss: 0.0008
2021-09-08 09:32:13 INFO     	 Epoch 119 | average valid loss: 0.0614
2021-09-08 09:32:14 INFO     	 valid MR: 2253.53 | MRR: 0.487 | H@1: 0.435 | H@3: 0.507 | H@10: 0.586
2021-09-08 09:32:14 INFO     	 Saving model at epoch 119 in /home/datascienceadmin/silva/KGEmb/logs/09_08/WN18RR/RotH_09_01_37
2021-09-08 09:32:30 INFO     	 Epoch 120 | average train loss: 0.0008
2021-09-08 09:32:30 INFO     	 Epoch 120 | average valid loss: 0.0619
2021-09-08 09:32:45 INFO     	 Epoch 121 | average train loss: 0.0008
2021-09-08 09:32:45 INFO     	 Epoch 121 | average valid loss: 0.0620
2021-09-08 09:32:59 INFO     	 Epoch 122 | average train loss: 0.0008
2021-09-08 09:32:59 INFO     	 Epoch 122 | average valid loss: 0.0623
2021-09-08 09:33:14 INFO     	 Epoch 123 | average train loss: 0.0008
2021-09-08 09:33:14 INFO     	 Epoch 123 | average valid loss: 0.0623
2021-09-08 09:33:29 INFO     	 Epoch 124 | average train loss: 0.0008
2021-09-08 09:33:29 INFO     	 Epoch 124 | average valid loss: 0.0624
2021-09-08 09:33:30 INFO     	 valid MR: 2245.77 | MRR: 0.485 | H@1: 0.431 | H@3: 0.507 | H@10: 0.584
2021-09-08 09:33:45 INFO     	 Epoch 125 | average train loss: 0.0007
2021-09-08 09:33:45 INFO     	 Epoch 125 | average valid loss: 0.0632
2021-09-08 09:34:00 INFO     	 Epoch 126 | average train loss: 0.0007
2021-09-08 09:34:00 INFO     	 Epoch 126 | average valid loss: 0.0633
2021-09-08 09:34:15 INFO     	 Epoch 127 | average train loss: 0.0007
2021-09-08 09:34:15 INFO     	 Epoch 127 | average valid loss: 0.0633
2021-09-08 09:34:30 INFO     	 Epoch 128 | average train loss: 0.0007
2021-09-08 09:34:30 INFO     	 Epoch 128 | average valid loss: 0.0638
2021-09-08 09:34:45 INFO     	 Epoch 129 | average train loss: 0.0007
2021-09-08 09:34:45 INFO     	 Epoch 129 | average valid loss: 0.0638
2021-09-08 09:34:46 INFO     	 valid MR: 2258.53 | MRR: 0.486 | H@1: 0.435 | H@3: 0.507 | H@10: 0.584
2021-09-08 09:35:01 INFO     	 Epoch 130 | average train loss: 0.0007
2021-09-08 09:35:01 INFO     	 Epoch 130 | average valid loss: 0.0642
2021-09-08 09:35:16 INFO     	 Epoch 131 | average train loss: 0.0007
2021-09-08 09:35:16 INFO     	 Epoch 131 | average valid loss: 0.0641
2021-09-08 09:35:31 INFO     	 Epoch 132 | average train loss: 0.0007
2021-09-08 09:35:31 INFO     	 Epoch 132 | average valid loss: 0.0644
2021-09-08 09:35:46 INFO     	 Epoch 133 | average train loss: 0.0007
2021-09-08 09:35:46 INFO     	 Epoch 133 | average valid loss: 0.0648
2021-09-08 09:36:01 INFO     	 Epoch 134 | average train loss: 0.0006
2021-09-08 09:36:01 INFO     	 Epoch 134 | average valid loss: 0.0652
2021-09-08 09:36:02 INFO     	 valid MR: 2253.83 | MRR: 0.488 | H@1: 0.436 | H@3: 0.509 | H@10: 0.584
2021-09-08 09:36:02 INFO     	 Saving model at epoch 134 in /home/datascienceadmin/silva/KGEmb/logs/09_08/WN18RR/RotH_09_01_37
2021-09-08 09:36:17 INFO     	 Epoch 135 | average train loss: 0.0006
2021-09-08 09:36:18 INFO     	 Epoch 135 | average valid loss: 0.0656
2021-09-08 09:36:32 INFO     	 Epoch 136 | average train loss: 0.0006
2021-09-08 09:36:32 INFO     	 Epoch 136 | average valid loss: 0.0656
2021-09-08 09:36:48 INFO     	 Epoch 137 | average train loss: 0.0006
2021-09-08 09:36:48 INFO     	 Epoch 137 | average valid loss: 0.0651
2021-09-08 09:37:03 INFO     	 Epoch 138 | average train loss: 0.0006
2021-09-08 09:37:03 INFO     	 Epoch 138 | average valid loss: 0.0663
2021-09-08 09:37:17 INFO     	 Epoch 139 | average train loss: 0.0006
2021-09-08 09:37:18 INFO     	 Epoch 139 | average valid loss: 0.0669
2021-09-08 09:37:19 INFO     	 valid MR: 2262.02 | MRR: 0.490 | H@1: 0.440 | H@3: 0.508 | H@10: 0.586
2021-09-08 09:37:19 INFO     	 Saving model at epoch 139 in /home/datascienceadmin/silva/KGEmb/logs/09_08/WN18RR/RotH_09_01_37
2021-09-08 09:37:34 INFO     	 Epoch 140 | average train loss: 0.0006
2021-09-08 09:37:34 INFO     	 Epoch 140 | average valid loss: 0.0668
2021-09-08 09:37:49 INFO     	 Epoch 141 | average train loss: 0.0006
2021-09-08 09:37:49 INFO     	 Epoch 141 | average valid loss: 0.0673
2021-09-08 09:38:03 INFO     	 Epoch 142 | average train loss: 0.0006
2021-09-08 09:38:03 INFO     	 Epoch 142 | average valid loss: 0.0674
2021-09-08 09:38:18 INFO     	 Epoch 143 | average train loss: 0.0006
2021-09-08 09:38:18 INFO     	 Epoch 143 | average valid loss: 0.0680
2021-09-08 09:38:33 INFO     	 Epoch 144 | average train loss: 0.0005
2021-09-08 09:38:33 INFO     	 Epoch 144 | average valid loss: 0.0680
2021-09-08 09:38:34 INFO     	 valid MR: 2268.85 | MRR: 0.491 | H@1: 0.441 | H@3: 0.512 | H@10: 0.585
2021-09-08 09:38:34 INFO     	 Saving model at epoch 144 in /home/datascienceadmin/silva/KGEmb/logs/09_08/WN18RR/RotH_09_01_37
2021-09-08 09:38:49 INFO     	 Epoch 145 | average train loss: 0.0005
2021-09-08 09:38:49 INFO     	 Epoch 145 | average valid loss: 0.0676
2021-09-08 09:39:04 INFO     	 Epoch 146 | average train loss: 0.0005
2021-09-08 09:39:04 INFO     	 Epoch 146 | average valid loss: 0.0678
2021-09-08 09:39:19 INFO     	 Epoch 147 | average train loss: 0.0005
2021-09-08 09:39:19 INFO     	 Epoch 147 | average valid loss: 0.0684
2021-09-08 09:39:34 INFO     	 Epoch 148 | average train loss: 0.0005
2021-09-08 09:39:34 INFO     	 Epoch 148 | average valid loss: 0.0685
2021-09-08 09:39:49 INFO     	 Epoch 149 | average train loss: 0.0005
2021-09-08 09:39:49 INFO     	 Epoch 149 | average valid loss: 0.0691
2021-09-08 09:39:50 INFO     	 valid MR: 2279.51 | MRR: 0.489 | H@1: 0.439 | H@3: 0.508 | H@10: 0.581
2021-09-08 09:40:05 INFO     	 Epoch 150 | average train loss: 0.0005
2021-09-08 09:40:05 INFO     	 Epoch 150 | average valid loss: 0.0699
2021-09-08 09:40:20 INFO     	 Epoch 151 | average train loss: 0.0005
2021-09-08 09:40:20 INFO     	 Epoch 151 | average valid loss: 0.0700
2021-09-08 09:40:34 INFO     	 Epoch 152 | average train loss: 0.0005
2021-09-08 09:40:34 INFO     	 Epoch 152 | average valid loss: 0.0703
2021-09-08 09:40:49 INFO     	 Epoch 153 | average train loss: 0.0005
2021-09-08 09:40:49 INFO     	 Epoch 153 | average valid loss: 0.0708
2021-09-08 09:41:04 INFO     	 Epoch 154 | average train loss: 0.0005
2021-09-08 09:41:04 INFO     	 Epoch 154 | average valid loss: 0.0710
2021-09-08 09:41:05 INFO     	 valid MR: 2266.52 | MRR: 0.490 | H@1: 0.441 | H@3: 0.509 | H@10: 0.585
2021-09-08 09:41:20 INFO     	 Epoch 155 | average train loss: 0.0005
2021-09-08 09:41:20 INFO     	 Epoch 155 | average valid loss: 0.0709
2021-09-08 09:41:34 INFO     	 Epoch 156 | average train loss: 0.0005
2021-09-08 09:41:35 INFO     	 Epoch 156 | average valid loss: 0.0712
2021-09-08 09:41:49 INFO     	 Epoch 157 | average train loss: 0.0005
2021-09-08 09:41:49 INFO     	 Epoch 157 | average valid loss: 0.0714
2021-09-08 09:42:04 INFO     	 Epoch 158 | average train loss: 0.0005
2021-09-08 09:42:04 INFO     	 Epoch 158 | average valid loss: 0.0711
2021-09-08 09:42:19 INFO     	 Epoch 159 | average train loss: 0.0005
2021-09-08 09:42:19 INFO     	 Epoch 159 | average valid loss: 0.0714
2021-09-08 09:42:21 INFO     	 valid MR: 2277.68 | MRR: 0.491 | H@1: 0.442 | H@3: 0.509 | H@10: 0.584
2021-09-08 09:42:21 INFO     	 Saving model at epoch 159 in /home/datascienceadmin/silva/KGEmb/logs/09_08/WN18RR/RotH_09_01_37
2021-09-08 09:42:36 INFO     	 Epoch 160 | average train loss: 0.0005
2021-09-08 09:42:36 INFO     	 Epoch 160 | average valid loss: 0.0716
2021-09-08 09:42:51 INFO     	 Epoch 161 | average train loss: 0.0004
2021-09-08 09:42:51 INFO     	 Epoch 161 | average valid loss: 0.0725
2021-09-08 09:43:06 INFO     	 Epoch 162 | average train loss: 0.0004
2021-09-08 09:43:06 INFO     	 Epoch 162 | average valid loss: 0.0730
2021-09-08 09:43:20 INFO     	 Epoch 163 | average train loss: 0.0004
2021-09-08 09:43:21 INFO     	 Epoch 163 | average valid loss: 0.0728
2021-09-08 09:43:35 INFO     	 Epoch 164 | average train loss: 0.0004
2021-09-08 09:43:35 INFO     	 Epoch 164 | average valid loss: 0.0728
2021-09-08 09:43:37 INFO     	 valid MR: 2279.19 | MRR: 0.490 | H@1: 0.440 | H@3: 0.512 | H@10: 0.585
2021-09-08 09:43:51 INFO     	 Epoch 165 | average train loss: 0.0004
2021-09-08 09:43:51 INFO     	 Epoch 165 | average valid loss: 0.0726
2021-09-08 09:44:06 INFO     	 Epoch 166 | average train loss: 0.0004
2021-09-08 09:44:06 INFO     	 Epoch 166 | average valid loss: 0.0732
2021-09-08 09:44:21 INFO     	 Epoch 167 | average train loss: 0.0004
2021-09-08 09:44:21 INFO     	 Epoch 167 | average valid loss: 0.0736
2021-09-08 09:44:36 INFO     	 Epoch 168 | average train loss: 0.0004
2021-09-08 09:44:36 INFO     	 Epoch 168 | average valid loss: 0.0736
2021-09-08 09:44:51 INFO     	 Epoch 169 | average train loss: 0.0004
2021-09-08 09:44:51 INFO     	 Epoch 169 | average valid loss: 0.0737
2021-09-08 09:44:52 INFO     	 valid MR: 2261.96 | MRR: 0.489 | H@1: 0.440 | H@3: 0.509 | H@10: 0.583
2021-09-08 09:45:07 INFO     	 Epoch 170 | average train loss: 0.0004
2021-09-08 09:45:07 INFO     	 Epoch 170 | average valid loss: 0.0755
2021-09-08 09:45:22 INFO     	 Epoch 171 | average train loss: 0.0004
2021-09-08 09:45:22 INFO     	 Epoch 171 | average valid loss: 0.0758
2021-09-08 09:45:36 INFO     	 Epoch 172 | average train loss: 0.0004
2021-09-08 09:45:36 INFO     	 Epoch 172 | average valid loss: 0.0750
2021-09-08 09:45:51 INFO     	 Epoch 173 | average train loss: 0.0004
2021-09-08 09:45:51 INFO     	 Epoch 173 | average valid loss: 0.0752
2021-09-08 09:46:06 INFO     	 Epoch 174 | average train loss: 0.0004
2021-09-08 09:46:06 INFO     	 Epoch 174 | average valid loss: 0.0763
2021-09-08 09:46:07 INFO     	 valid MR: 2273.12 | MRR: 0.489 | H@1: 0.442 | H@3: 0.506 | H@10: 0.581
2021-09-08 09:46:21 INFO     	 Epoch 175 | average train loss: 0.0004
2021-09-08 09:46:21 INFO     	 Epoch 175 | average valid loss: 0.0759
2021-09-08 09:46:36 INFO     	 Epoch 176 | average train loss: 0.0004
2021-09-08 09:46:36 INFO     	 Epoch 176 | average valid loss: 0.0759
2021-09-08 09:46:51 INFO     	 Epoch 177 | average train loss: 0.0004
2021-09-08 09:46:51 INFO     	 Epoch 177 | average valid loss: 0.0769
2021-09-08 09:47:06 INFO     	 Epoch 178 | average train loss: 0.0004
2021-09-08 09:47:06 INFO     	 Epoch 178 | average valid loss: 0.0766
2021-09-08 09:47:21 INFO     	 Epoch 179 | average train loss: 0.0004
2021-09-08 09:47:21 INFO     	 Epoch 179 | average valid loss: 0.0776
2021-09-08 09:47:22 INFO     	 valid MR: 2257.00 | MRR: 0.491 | H@1: 0.445 | H@3: 0.506 | H@10: 0.581
2021-09-08 09:47:37 INFO     	 Epoch 180 | average train loss: 0.0004
2021-09-08 09:47:38 INFO     	 Epoch 180 | average valid loss: 0.0766
2021-09-08 09:47:52 INFO     	 Epoch 181 | average train loss: 0.0004
2021-09-08 09:47:53 INFO     	 Epoch 181 | average valid loss: 0.0771
2021-09-08 09:48:07 INFO     	 Epoch 182 | average train loss: 0.0004
2021-09-08 09:48:08 INFO     	 Epoch 182 | average valid loss: 0.0771
2021-09-08 09:48:23 INFO     	 Epoch 183 | average train loss: 0.0004
2021-09-08 09:48:23 INFO     	 Epoch 183 | average valid loss: 0.0768
2021-09-08 09:48:38 INFO     	 Epoch 184 | average train loss: 0.0003
2021-09-08 09:48:38 INFO     	 Epoch 184 | average valid loss: 0.0781
2021-09-08 09:48:39 INFO     	 valid MR: 2275.09 | MRR: 0.491 | H@1: 0.445 | H@3: 0.505 | H@10: 0.579
2021-09-08 09:48:54 INFO     	 Epoch 185 | average train loss: 0.0004
2021-09-08 09:48:54 INFO     	 Epoch 185 | average valid loss: 0.0781
2021-09-08 09:49:09 INFO     	 Epoch 186 | average train loss: 0.0004
2021-09-08 09:49:09 INFO     	 Epoch 186 | average valid loss: 0.0789
2021-09-08 09:49:24 INFO     	 Epoch 187 | average train loss: 0.0004
2021-09-08 09:49:24 INFO     	 Epoch 187 | average valid loss: 0.0780
2021-09-08 09:49:39 INFO     	 Epoch 188 | average train loss: 0.0003
2021-09-08 09:49:39 INFO     	 Epoch 188 | average valid loss: 0.0785
2021-09-08 09:49:54 INFO     	 Epoch 189 | average train loss: 0.0003
2021-09-08 09:49:54 INFO     	 Epoch 189 | average valid loss: 0.0794
2021-09-08 09:49:56 INFO     	 valid MR: 2297.57 | MRR: 0.491 | H@1: 0.443 | H@3: 0.509 | H@10: 0.581
2021-09-08 09:50:10 INFO     	 Epoch 190 | average train loss: 0.0004
2021-09-08 09:50:11 INFO     	 Epoch 190 | average valid loss: 0.0797
2021-09-08 09:50:26 INFO     	 Epoch 191 | average train loss: 0.0003
2021-09-08 09:50:26 INFO     	 Epoch 191 | average valid loss: 0.0794
2021-09-08 09:50:41 INFO     	 Epoch 192 | average train loss: 0.0003
2021-09-08 09:50:41 INFO     	 Epoch 192 | average valid loss: 0.0794
2021-09-08 09:50:56 INFO     	 Epoch 193 | average train loss: 0.0003
2021-09-08 09:50:56 INFO     	 Epoch 193 | average valid loss: 0.0802
2021-09-08 09:51:12 INFO     	 Epoch 194 | average train loss: 0.0003
2021-09-08 09:51:12 INFO     	 Epoch 194 | average valid loss: 0.0808
2021-09-08 09:51:13 INFO     	 valid MR: 2305.26 | MRR: 0.489 | H@1: 0.442 | H@3: 0.510 | H@10: 0.581
2021-09-08 09:51:28 INFO     	 Epoch 195 | average train loss: 0.0003
2021-09-08 09:51:28 INFO     	 Epoch 195 | average valid loss: 0.0807
2021-09-08 09:51:43 INFO     	 Epoch 196 | average train loss: 0.0003
2021-09-08 09:51:43 INFO     	 Epoch 196 | average valid loss: 0.0815
2021-09-08 09:51:58 INFO     	 Epoch 197 | average train loss: 0.0003
2021-09-08 09:51:59 INFO     	 Epoch 197 | average valid loss: 0.0815
2021-09-08 09:52:14 INFO     	 Epoch 198 | average train loss: 0.0003
2021-09-08 09:52:14 INFO     	 Epoch 198 | average valid loss: 0.0820
2021-09-08 09:52:28 INFO     	 Epoch 199 | average train loss: 0.0003
2021-09-08 09:52:29 INFO     	 Epoch 199 | average valid loss: 0.0817
2021-09-08 09:52:30 INFO     	 valid MR: 2309.06 | MRR: 0.492 | H@1: 0.445 | H@3: 0.511 | H@10: 0.581
2021-09-08 09:52:30 INFO     	 Saving model at epoch 199 in /home/datascienceadmin/silva/KGEmb/logs/09_08/WN18RR/RotH_09_01_37
2021-09-08 09:52:45 INFO     	 Epoch 200 | average train loss: 0.0003
2021-09-08 09:52:45 INFO     	 Epoch 200 | average valid loss: 0.0813
2021-09-08 09:53:00 INFO     	 Epoch 201 | average train loss: 0.0003
2021-09-08 09:53:00 INFO     	 Epoch 201 | average valid loss: 0.0819
2021-09-08 09:53:15 INFO     	 Epoch 202 | average train loss: 0.0003
2021-09-08 09:53:15 INFO     	 Epoch 202 | average valid loss: 0.0815
2021-09-08 09:53:30 INFO     	 Epoch 203 | average train loss: 0.0003
2021-09-08 09:53:30 INFO     	 Epoch 203 | average valid loss: 0.0818
2021-09-08 09:53:45 INFO     	 Epoch 204 | average train loss: 0.0003
2021-09-08 09:53:45 INFO     	 Epoch 204 | average valid loss: 0.0812
2021-09-08 09:53:46 INFO     	 valid MR: 2292.32 | MRR: 0.492 | H@1: 0.445 | H@3: 0.510 | H@10: 0.580
2021-09-08 09:54:00 INFO     	 Epoch 205 | average train loss: 0.0003
2021-09-08 09:54:01 INFO     	 Epoch 205 | average valid loss: 0.0820
2021-09-08 09:54:15 INFO     	 Epoch 206 | average train loss: 0.0003
2021-09-08 09:54:15 INFO     	 Epoch 206 | average valid loss: 0.0825
2021-09-08 09:54:30 INFO     	 Epoch 207 | average train loss: 0.0003
2021-09-08 09:54:30 INFO     	 Epoch 207 | average valid loss: 0.0826
2021-09-08 09:54:45 INFO     	 Epoch 208 | average train loss: 0.0003
2021-09-08 09:54:45 INFO     	 Epoch 208 | average valid loss: 0.0832
2021-09-08 09:54:59 INFO     	 Epoch 209 | average train loss: 0.0003
2021-09-08 09:55:00 INFO     	 Epoch 209 | average valid loss: 0.0831
2021-09-08 09:55:01 INFO     	 valid MR: 2295.26 | MRR: 0.490 | H@1: 0.443 | H@3: 0.507 | H@10: 0.579
2021-09-08 09:55:16 INFO     	 Epoch 210 | average train loss: 0.0003
2021-09-08 09:55:16 INFO     	 Epoch 210 | average valid loss: 0.0835
2021-09-08 09:55:30 INFO     	 Epoch 211 | average train loss: 0.0003
2021-09-08 09:55:31 INFO     	 Epoch 211 | average valid loss: 0.0834
2021-09-08 09:55:45 INFO     	 Epoch 212 | average train loss: 0.0003
2021-09-08 09:55:45 INFO     	 Epoch 212 | average valid loss: 0.0838
2021-09-08 09:56:00 INFO     	 Epoch 213 | average train loss: 0.0003
2021-09-08 09:56:00 INFO     	 Epoch 213 | average valid loss: 0.0844
2021-09-08 09:56:15 INFO     	 Epoch 214 | average train loss: 0.0003
2021-09-08 09:56:15 INFO     	 Epoch 214 | average valid loss: 0.0840
2021-09-08 09:56:16 INFO     	 valid MR: 2322.15 | MRR: 0.489 | H@1: 0.441 | H@3: 0.507 | H@10: 0.578
2021-09-08 09:56:31 INFO     	 Epoch 215 | average train loss: 0.0003
2021-09-08 09:56:31 INFO     	 Epoch 215 | average valid loss: 0.0837
2021-09-08 09:56:46 INFO     	 Epoch 216 | average train loss: 0.0003
2021-09-08 09:56:46 INFO     	 Epoch 216 | average valid loss: 0.0840
2021-09-08 09:57:00 INFO     	 Epoch 217 | average train loss: 0.0003
2021-09-08 09:57:00 INFO     	 Epoch 217 | average valid loss: 0.0841
2021-09-08 09:57:15 INFO     	 Epoch 218 | average train loss: 0.0003
2021-09-08 09:57:15 INFO     	 Epoch 218 | average valid loss: 0.0848
2021-09-08 09:57:30 INFO     	 Epoch 219 | average train loss: 0.0003
2021-09-08 09:57:30 INFO     	 Epoch 219 | average valid loss: 0.0850
2021-09-08 09:57:31 INFO     	 valid MR: 2306.37 | MRR: 0.490 | H@1: 0.442 | H@3: 0.507 | H@10: 0.578
2021-09-08 09:57:46 INFO     	 Epoch 220 | average train loss: 0.0003
2021-09-08 09:57:46 INFO     	 Epoch 220 | average valid loss: 0.0845
2021-09-08 09:58:01 INFO     	 Epoch 221 | average train loss: 0.0003
2021-09-08 09:58:01 INFO     	 Epoch 221 | average valid loss: 0.0854
2021-09-08 09:58:15 INFO     	 Epoch 222 | average train loss: 0.0003
2021-09-08 09:58:16 INFO     	 Epoch 222 | average valid loss: 0.0859
2021-09-08 09:58:30 INFO     	 Epoch 223 | average train loss: 0.0003
2021-09-08 09:58:30 INFO     	 Epoch 223 | average valid loss: 0.0869
2021-09-08 09:58:45 INFO     	 Epoch 224 | average train loss: 0.0003
2021-09-08 09:58:45 INFO     	 Epoch 224 | average valid loss: 0.0875
2021-09-08 09:58:46 INFO     	 valid MR: 2345.23 | MRR: 0.489 | H@1: 0.443 | H@3: 0.504 | H@10: 0.575
2021-09-08 09:59:01 INFO     	 Epoch 225 | average train loss: 0.0003
2021-09-08 09:59:01 INFO     	 Epoch 225 | average valid loss: 0.0873
2021-09-08 09:59:15 INFO     	 Epoch 226 | average train loss: 0.0003
2021-09-08 09:59:16 INFO     	 Epoch 226 | average valid loss: 0.0873
2021-09-08 09:59:30 INFO     	 Epoch 227 | average train loss: 0.0003
2021-09-08 09:59:30 INFO     	 Epoch 227 | average valid loss: 0.0886
2021-09-08 09:59:46 INFO     	 Epoch 228 | average train loss: 0.0003
2021-09-08 09:59:46 INFO     	 Epoch 228 | average valid loss: 0.0871
2021-09-08 10:00:01 INFO     	 Epoch 229 | average train loss: 0.0003
2021-09-08 10:00:01 INFO     	 Epoch 229 | average valid loss: 0.0882
2021-09-08 10:00:02 INFO     	 valid MR: 2355.42 | MRR: 0.490 | H@1: 0.444 | H@3: 0.507 | H@10: 0.576
2021-09-08 10:00:17 INFO     	 Epoch 230 | average train loss: 0.0003
2021-09-08 10:00:17 INFO     	 Epoch 230 | average valid loss: 0.0894
2021-09-08 10:00:32 INFO     	 Epoch 231 | average train loss: 0.0003
2021-09-08 10:00:32 INFO     	 Epoch 231 | average valid loss: 0.0887
2021-09-08 10:00:47 INFO     	 Epoch 232 | average train loss: 0.0003
2021-09-08 10:00:47 INFO     	 Epoch 232 | average valid loss: 0.0885
2021-09-08 10:01:01 INFO     	 Epoch 233 | average train loss: 0.0003
2021-09-08 10:01:01 INFO     	 Epoch 233 | average valid loss: 0.0891
2021-09-08 10:01:16 INFO     	 Epoch 234 | average train loss: 0.0003
2021-09-08 10:01:16 INFO     	 Epoch 234 | average valid loss: 0.0886
2021-09-08 10:01:18 INFO     	 valid MR: 2351.04 | MRR: 0.491 | H@1: 0.445 | H@3: 0.508 | H@10: 0.578
2021-09-08 10:01:32 INFO     	 Epoch 235 | average train loss: 0.0003
2021-09-08 10:01:32 INFO     	 Epoch 235 | average valid loss: 0.0889
2021-09-08 10:01:47 INFO     	 Epoch 236 | average train loss: 0.0003
2021-09-08 10:01:47 INFO     	 Epoch 236 | average valid loss: 0.0892
2021-09-08 10:02:02 INFO     	 Epoch 237 | average train loss: 0.0002
2021-09-08 10:02:02 INFO     	 Epoch 237 | average valid loss: 0.0899
2021-09-08 10:02:16 INFO     	 Epoch 238 | average train loss: 0.0002
2021-09-08 10:02:17 INFO     	 Epoch 238 | average valid loss: 0.0898
2021-09-08 10:02:31 INFO     	 Epoch 239 | average train loss: 0.0002
2021-09-08 10:02:31 INFO     	 Epoch 239 | average valid loss: 0.0904
2021-09-08 10:02:32 INFO     	 valid MR: 2355.74 | MRR: 0.489 | H@1: 0.443 | H@3: 0.507 | H@10: 0.575
2021-09-08 10:02:47 INFO     	 Epoch 240 | average train loss: 0.0002
2021-09-08 10:02:47 INFO     	 Epoch 240 | average valid loss: 0.0895
2021-09-08 10:03:02 INFO     	 Epoch 241 | average train loss: 0.0002
2021-09-08 10:03:02 INFO     	 Epoch 241 | average valid loss: 0.0901
2021-09-08 10:03:17 INFO     	 Epoch 242 | average train loss: 0.0002
2021-09-08 10:03:17 INFO     	 Epoch 242 | average valid loss: 0.0906
2021-09-08 10:03:32 INFO     	 Epoch 243 | average train loss: 0.0002
2021-09-08 10:03:32 INFO     	 Epoch 243 | average valid loss: 0.0906
2021-09-08 10:03:46 INFO     	 Epoch 244 | average train loss: 0.0002
2021-09-08 10:03:46 INFO     	 Epoch 244 | average valid loss: 0.0907
2021-09-08 10:03:48 INFO     	 valid MR: 2382.82 | MRR: 0.489 | H@1: 0.443 | H@3: 0.506 | H@10: 0.575
2021-09-08 10:04:03 INFO     	 Epoch 245 | average train loss: 0.0002
2021-09-08 10:04:03 INFO     	 Epoch 245 | average valid loss: 0.0909
2021-09-08 10:04:17 INFO     	 Epoch 246 | average train loss: 0.0002
2021-09-08 10:04:17 INFO     	 Epoch 246 | average valid loss: 0.0902
2021-09-08 10:04:32 INFO     	 Epoch 247 | average train loss: 0.0002
2021-09-08 10:04:32 INFO     	 Epoch 247 | average valid loss: 0.0913
2021-09-08 10:04:47 INFO     	 Epoch 248 | average train loss: 0.0002
2021-09-08 10:04:47 INFO     	 Epoch 248 | average valid loss: 0.0917
2021-09-08 10:05:02 INFO     	 Epoch 249 | average train loss: 0.0002
2021-09-08 10:05:02 INFO     	 Epoch 249 | average valid loss: 0.0924
2021-09-08 10:05:03 INFO     	 valid MR: 2401.32 | MRR: 0.490 | H@1: 0.444 | H@3: 0.508 | H@10: 0.576
2021-09-08 10:05:18 INFO     	 Epoch 250 | average train loss: 0.0002
2021-09-08 10:05:18 INFO     	 Epoch 250 | average valid loss: 0.0917
2021-09-08 10:05:33 INFO     	 Epoch 251 | average train loss: 0.0003
2021-09-08 10:05:33 INFO     	 Epoch 251 | average valid loss: 0.0918
2021-09-08 10:05:48 INFO     	 Epoch 252 | average train loss: 0.0002
2021-09-08 10:05:48 INFO     	 Epoch 252 | average valid loss: 0.0918
2021-09-08 10:06:02 INFO     	 Epoch 253 | average train loss: 0.0002
2021-09-08 10:06:02 INFO     	 Epoch 253 | average valid loss: 0.0919
2021-09-08 10:06:17 INFO     	 Epoch 254 | average train loss: 0.0002
2021-09-08 10:06:17 INFO     	 Epoch 254 | average valid loss: 0.0918
2021-09-08 10:06:18 INFO     	 valid MR: 2383.56 | MRR: 0.490 | H@1: 0.445 | H@3: 0.509 | H@10: 0.576
2021-09-08 10:06:33 INFO     	 Epoch 255 | average train loss: 0.0002
2021-09-08 10:06:33 INFO     	 Epoch 255 | average valid loss: 0.0910
2021-09-08 10:06:48 INFO     	 Epoch 256 | average train loss: 0.0002
2021-09-08 10:06:48 INFO     	 Epoch 256 | average valid loss: 0.0912
2021-09-08 10:07:03 INFO     	 Epoch 257 | average train loss: 0.0002
2021-09-08 10:07:03 INFO     	 Epoch 257 | average valid loss: 0.0917
2021-09-08 10:07:18 INFO     	 Epoch 258 | average train loss: 0.0002
2021-09-08 10:07:18 INFO     	 Epoch 258 | average valid loss: 0.0914
2021-09-08 10:07:32 INFO     	 Epoch 259 | average train loss: 0.0002
2021-09-08 10:07:32 INFO     	 Epoch 259 | average valid loss: 0.0919
2021-09-08 10:07:34 INFO     	 valid MR: 2363.83 | MRR: 0.489 | H@1: 0.442 | H@3: 0.510 | H@10: 0.575
2021-09-08 10:07:48 INFO     	 Epoch 260 | average train loss: 0.0002
2021-09-08 10:07:48 INFO     	 Epoch 260 | average valid loss: 0.0928
2021-09-08 10:08:03 INFO     	 Epoch 261 | average train loss: 0.0002
2021-09-08 10:08:03 INFO     	 Epoch 261 | average valid loss: 0.0924
2021-09-08 10:08:18 INFO     	 Epoch 262 | average train loss: 0.0002
2021-09-08 10:08:18 INFO     	 Epoch 262 | average valid loss: 0.0931
2021-09-08 10:08:33 INFO     	 Epoch 263 | average train loss: 0.0002
2021-09-08 10:08:33 INFO     	 Epoch 263 | average valid loss: 0.0942
2021-09-08 10:08:47 INFO     	 Epoch 264 | average train loss: 0.0002
2021-09-08 10:08:48 INFO     	 Epoch 264 | average valid loss: 0.0952
2021-09-08 10:08:49 INFO     	 valid MR: 2397.43 | MRR: 0.491 | H@1: 0.444 | H@3: 0.512 | H@10: 0.578
2021-09-08 10:09:03 INFO     	 Epoch 265 | average train loss: 0.0002
2021-09-08 10:09:03 INFO     	 Epoch 265 | average valid loss: 0.0938
2021-09-08 10:09:18 INFO     	 Epoch 266 | average train loss: 0.0002
2021-09-08 10:09:18 INFO     	 Epoch 266 | average valid loss: 0.0943
2021-09-08 10:09:33 INFO     	 Epoch 267 | average train loss: 0.0002
2021-09-08 10:09:33 INFO     	 Epoch 267 | average valid loss: 0.0962
2021-09-08 10:09:48 INFO     	 Epoch 268 | average train loss: 0.0002
2021-09-08 10:09:48 INFO     	 Epoch 268 | average valid loss: 0.0956
2021-09-08 10:10:03 INFO     	 Epoch 269 | average train loss: 0.0002
2021-09-08 10:10:03 INFO     	 Epoch 269 | average valid loss: 0.0960
2021-09-08 10:10:04 INFO     	 valid MR: 2374.62 | MRR: 0.489 | H@1: 0.444 | H@3: 0.507 | H@10: 0.575
2021-09-08 10:10:19 INFO     	 Epoch 270 | average train loss: 0.0002
2021-09-08 10:10:19 INFO     	 Epoch 270 | average valid loss: 0.0962
2021-09-08 10:10:34 INFO     	 Epoch 271 | average train loss: 0.0002
2021-09-08 10:10:34 INFO     	 Epoch 271 | average valid loss: 0.0960
2021-09-08 10:10:48 INFO     	 Epoch 272 | average train loss: 0.0002
2021-09-08 10:10:49 INFO     	 Epoch 272 | average valid loss: 0.0969
2021-09-08 10:11:03 INFO     	 Epoch 273 | average train loss: 0.0002
2021-09-08 10:11:03 INFO     	 Epoch 273 | average valid loss: 0.0969
2021-09-08 10:11:18 INFO     	 Epoch 274 | average train loss: 0.0002
2021-09-08 10:11:18 INFO     	 Epoch 274 | average valid loss: 0.0975
2021-09-08 10:11:19 INFO     	 valid MR: 2372.32 | MRR: 0.489 | H@1: 0.444 | H@3: 0.506 | H@10: 0.576
2021-09-08 10:11:19 INFO     	 Early stopping
2021-09-08 10:11:19 INFO     	 Optimization finished
2021-09-08 10:11:19 INFO     	 Loading best model saved at epoch 199
2021-09-08 10:11:21 INFO     	 valid MR: 2309.06 | MRR: 0.492 | H@1: 0.445 | H@3: 0.511 | H@10: 0.581
2021-09-08 10:11:22 INFO     	 test MR: 2379.29 | MRR: 0.493 | H@1: 0.448 | H@3: 0.508 | H@10: 0.580
