2021-09-07 10:52:45 INFO     Saving logs in: /home/datascienceadmin/silva/KGEmb/logs/09_07/FB237/RotH_10_52_45
2021-09-07 10:52:45 INFO     	 (14541, 474, 14541)
2021-09-07 10:52:45 INFO     Total number of parameters 3222156
2021-09-07 10:52:51 INFO     	 Start training
2021-09-07 10:53:34 INFO     	 Epoch 0 | average train loss: 0.0607
2021-09-07 10:53:34 INFO     	 Epoch 0 | average valid loss: 0.0353
2021-09-07 10:54:17 INFO     	 Epoch 1 | average train loss: 0.0354
2021-09-07 10:54:18 INFO     	 Epoch 1 | average valid loss: 0.0301
2021-09-07 10:55:00 INFO     	 Epoch 2 | average train loss: 0.0318
2021-09-07 10:55:01 INFO     	 Epoch 2 | average valid loss: 0.0281
2021-09-07 10:55:42 INFO     	 Epoch 3 | average train loss: 0.0299
2021-09-07 10:55:42 INFO     	 Epoch 3 | average valid loss: 0.0270
2021-09-07 10:56:26 INFO     	 Epoch 4 | average train loss: 0.0287
2021-09-07 10:56:26 INFO     	 Epoch 4 | average valid loss: 0.0261
2021-09-07 10:56:31 INFO     	 valid MR: 207.34 | MRR: 0.278 | H@1: 0.193 | H@3: 0.307 | H@10: 0.447
2021-09-07 10:56:31 INFO     	 Saving model at epoch 4 in /home/datascienceadmin/silva/KGEmb/logs/09_07/FB237/RotH_10_52_45
2021-09-07 10:57:16 INFO     	 Epoch 5 | average train loss: 0.0278
2021-09-07 10:57:16 INFO     	 Epoch 5 | average valid loss: 0.0257
2021-09-07 10:57:59 INFO     	 Epoch 6 | average train loss: 0.0271
2021-09-07 10:57:59 INFO     	 Epoch 6 | average valid loss: 0.0252
2021-09-07 10:58:43 INFO     	 Epoch 7 | average train loss: 0.0265
2021-09-07 10:58:43 INFO     	 Epoch 7 | average valid loss: 0.0248
2021-09-07 10:59:28 INFO     	 Epoch 8 | average train loss: 0.0260
2021-09-07 10:59:28 INFO     	 Epoch 8 | average valid loss: 0.0246
2021-09-07 11:00:13 INFO     	 Epoch 9 | average train loss: 0.0256
2021-09-07 11:00:13 INFO     	 Epoch 9 | average valid loss: 0.0243
2021-09-07 11:00:18 INFO     	 valid MR: 179.82 | MRR: 0.289 | H@1: 0.201 | H@3: 0.320 | H@10: 0.463
2021-09-07 11:00:18 INFO     	 Saving model at epoch 9 in /home/datascienceadmin/silva/KGEmb/logs/09_07/FB237/RotH_10_52_45
2021-09-07 11:01:02 INFO     	 Epoch 10 | average train loss: 0.0252
2021-09-07 11:01:02 INFO     	 Epoch 10 | average valid loss: 0.0240
2021-09-07 11:01:47 INFO     	 Epoch 11 | average train loss: 0.0248
2021-09-07 11:01:47 INFO     	 Epoch 11 | average valid loss: 0.0239
2021-09-07 11:02:31 INFO     	 Epoch 12 | average train loss: 0.0245
2021-09-07 11:02:31 INFO     	 Epoch 12 | average valid loss: 0.0237
2021-09-07 11:03:14 INFO     	 Epoch 13 | average train loss: 0.0242
2021-09-07 11:03:15 INFO     	 Epoch 13 | average valid loss: 0.0236
2021-09-07 11:03:58 INFO     	 Epoch 14 | average train loss: 0.0240
2021-09-07 11:03:59 INFO     	 Epoch 14 | average valid loss: 0.0235
2021-09-07 11:04:04 INFO     	 valid MR: 170.74 | MRR: 0.301 | H@1: 0.213 | H@3: 0.332 | H@10: 0.478
2021-09-07 11:04:04 INFO     	 Saving model at epoch 14 in /home/datascienceadmin/silva/KGEmb/logs/09_07/FB237/RotH_10_52_45
2021-09-07 11:04:47 INFO     	 Epoch 15 | average train loss: 0.0237
2021-09-07 11:04:48 INFO     	 Epoch 15 | average valid loss: 0.0235
2021-09-07 11:05:31 INFO     	 Epoch 16 | average train loss: 0.0235
2021-09-07 11:05:31 INFO     	 Epoch 16 | average valid loss: 0.0234
2021-09-07 11:06:14 INFO     	 Epoch 17 | average train loss: 0.0233
2021-09-07 11:06:15 INFO     	 Epoch 17 | average valid loss: 0.0232
2021-09-07 11:06:59 INFO     	 Epoch 18 | average train loss: 0.0231
2021-09-07 11:06:59 INFO     	 Epoch 18 | average valid loss: 0.0232
2021-09-07 11:07:42 INFO     	 Epoch 19 | average train loss: 0.0229
2021-09-07 11:07:43 INFO     	 Epoch 19 | average valid loss: 0.0231
2021-09-07 11:07:48 INFO     	 valid MR: 163.45 | MRR: 0.311 | H@1: 0.221 | H@3: 0.341 | H@10: 0.488
2021-09-07 11:07:48 INFO     	 Saving model at epoch 19 in /home/datascienceadmin/silva/KGEmb/logs/09_07/FB237/RotH_10_52_45
2021-09-07 11:08:32 INFO     	 Epoch 20 | average train loss: 0.0227
2021-09-07 11:08:32 INFO     	 Epoch 20 | average valid loss: 0.0231
2021-09-07 11:09:16 INFO     	 Epoch 21 | average train loss: 0.0225
2021-09-07 11:09:16 INFO     	 Epoch 21 | average valid loss: 0.0229
2021-09-07 11:10:00 INFO     	 Epoch 22 | average train loss: 0.0224
2021-09-07 11:10:00 INFO     	 Epoch 22 | average valid loss: 0.0228
2021-09-07 11:10:43 INFO     	 Epoch 23 | average train loss: 0.0222
2021-09-07 11:10:44 INFO     	 Epoch 23 | average valid loss: 0.0228
2021-09-07 11:11:27 INFO     	 Epoch 24 | average train loss: 0.0221
2021-09-07 11:11:28 INFO     	 Epoch 24 | average valid loss: 0.0228
2021-09-07 11:11:33 INFO     	 valid MR: 160.32 | MRR: 0.315 | H@1: 0.226 | H@3: 0.345 | H@10: 0.492
2021-09-07 11:11:33 INFO     	 Saving model at epoch 24 in /home/datascienceadmin/silva/KGEmb/logs/09_07/FB237/RotH_10_52_45
2021-09-07 11:12:18 INFO     	 Epoch 25 | average train loss: 0.0220
2021-09-07 11:12:18 INFO     	 Epoch 25 | average valid loss: 0.0227
2021-09-07 11:13:03 INFO     	 Epoch 26 | average train loss: 0.0218
2021-09-07 11:13:03 INFO     	 Epoch 26 | average valid loss: 0.0226
2021-09-07 11:13:47 INFO     	 Epoch 27 | average train loss: 0.0217
2021-09-07 11:13:47 INFO     	 Epoch 27 | average valid loss: 0.0226
2021-09-07 11:14:31 INFO     	 Epoch 28 | average train loss: 0.0216
2021-09-07 11:14:31 INFO     	 Epoch 28 | average valid loss: 0.0226
2021-09-07 11:15:14 INFO     	 Epoch 29 | average train loss: 0.0215
2021-09-07 11:15:15 INFO     	 Epoch 29 | average valid loss: 0.0226
2021-09-07 11:15:20 INFO     	 valid MR: 156.44 | MRR: 0.320 | H@1: 0.230 | H@3: 0.350 | H@10: 0.499
2021-09-07 11:15:20 INFO     	 Saving model at epoch 29 in /home/datascienceadmin/silva/KGEmb/logs/09_07/FB237/RotH_10_52_45
2021-09-07 11:16:05 INFO     	 Epoch 30 | average train loss: 0.0213
2021-09-07 11:16:05 INFO     	 Epoch 30 | average valid loss: 0.0225
2021-09-07 11:16:48 INFO     	 Epoch 31 | average train loss: 0.0212
2021-09-07 11:16:49 INFO     	 Epoch 31 | average valid loss: 0.0225
2021-09-07 11:17:32 INFO     	 Epoch 32 | average train loss: 0.0211
2021-09-07 11:17:33 INFO     	 Epoch 32 | average valid loss: 0.0224
2021-09-07 11:18:16 INFO     	 Epoch 33 | average train loss: 0.0210
2021-09-07 11:18:17 INFO     	 Epoch 33 | average valid loss: 0.0225
2021-09-07 11:19:00 INFO     	 Epoch 34 | average train loss: 0.0209
2021-09-07 11:19:01 INFO     	 Epoch 34 | average valid loss: 0.0224
2021-09-07 11:19:06 INFO     	 valid MR: 156.41 | MRR: 0.320 | H@1: 0.230 | H@3: 0.351 | H@10: 0.500
2021-09-07 11:19:06 INFO     	 Saving model at epoch 34 in /home/datascienceadmin/silva/KGEmb/logs/09_07/FB237/RotH_10_52_45
2021-09-07 11:19:48 INFO     	 Epoch 35 | average train loss: 0.0208
2021-09-07 11:19:49 INFO     	 Epoch 35 | average valid loss: 0.0225
2021-09-07 11:20:32 INFO     	 Epoch 36 | average train loss: 0.0207
2021-09-07 11:20:33 INFO     	 Epoch 36 | average valid loss: 0.0224
2021-09-07 11:21:17 INFO     	 Epoch 37 | average train loss: 0.0206
2021-09-07 11:21:17 INFO     	 Epoch 37 | average valid loss: 0.0224
2021-09-07 11:22:01 INFO     	 Epoch 38 | average train loss: 0.0205
2021-09-07 11:22:02 INFO     	 Epoch 38 | average valid loss: 0.0225
2021-09-07 11:22:46 INFO     	 Epoch 39 | average train loss: 0.0205
2021-09-07 11:22:46 INFO     	 Epoch 39 | average valid loss: 0.0223
2021-09-07 11:22:51 INFO     	 valid MR: 152.79 | MRR: 0.324 | H@1: 0.233 | H@3: 0.355 | H@10: 0.505
2021-09-07 11:22:51 INFO     	 Saving model at epoch 39 in /home/datascienceadmin/silva/KGEmb/logs/09_07/FB237/RotH_10_52_45
2021-09-07 11:23:34 INFO     	 Epoch 40 | average train loss: 0.0204
2021-09-07 11:23:34 INFO     	 Epoch 40 | average valid loss: 0.0223
2021-09-07 11:24:18 INFO     	 Epoch 41 | average train loss: 0.0203
2021-09-07 11:24:18 INFO     	 Epoch 41 | average valid loss: 0.0224
2021-09-07 11:25:02 INFO     	 Epoch 42 | average train loss: 0.0202
2021-09-07 11:25:02 INFO     	 Epoch 42 | average valid loss: 0.0223
2021-09-07 11:25:43 INFO     	 Epoch 43 | average train loss: 0.0201
2021-09-07 11:25:44 INFO     	 Epoch 43 | average valid loss: 0.0224
2021-09-07 11:26:26 INFO     	 Epoch 44 | average train loss: 0.0201
2021-09-07 11:26:26 INFO     	 Epoch 44 | average valid loss: 0.0224
2021-09-07 11:26:31 INFO     	 valid MR: 151.45 | MRR: 0.325 | H@1: 0.233 | H@3: 0.358 | H@10: 0.507
2021-09-07 11:26:31 INFO     	 Saving model at epoch 44 in /home/datascienceadmin/silva/KGEmb/logs/09_07/FB237/RotH_10_52_45
2021-09-07 11:27:13 INFO     	 Epoch 45 | average train loss: 0.0200
2021-09-07 11:27:14 INFO     	 Epoch 45 | average valid loss: 0.0223
2021-09-07 11:27:55 INFO     	 Epoch 46 | average train loss: 0.0199
2021-09-07 11:27:56 INFO     	 Epoch 46 | average valid loss: 0.0224
2021-09-07 11:28:40 INFO     	 Epoch 47 | average train loss: 0.0198
2021-09-07 11:28:41 INFO     	 Epoch 47 | average valid loss: 0.0223
2021-09-07 11:29:26 INFO     	 Epoch 48 | average train loss: 0.0198
2021-09-07 11:29:26 INFO     	 Epoch 48 | average valid loss: 0.0223
2021-09-07 11:30:12 INFO     	 Epoch 49 | average train loss: 0.0197
2021-09-07 11:30:12 INFO     	 Epoch 49 | average valid loss: 0.0221
2021-09-07 11:30:17 INFO     	 valid MR: 149.33 | MRR: 0.328 | H@1: 0.236 | H@3: 0.360 | H@10: 0.512
2021-09-07 11:30:17 INFO     	 Saving model at epoch 49 in /home/datascienceadmin/silva/KGEmb/logs/09_07/FB237/RotH_10_52_45
2021-09-07 11:31:00 INFO     	 Epoch 50 | average train loss: 0.0196
2021-09-07 11:31:01 INFO     	 Epoch 50 | average valid loss: 0.0222
2021-09-07 11:31:44 INFO     	 Epoch 51 | average train loss: 0.0196
2021-09-07 11:31:44 INFO     	 Epoch 51 | average valid loss: 0.0223
2021-09-07 11:32:30 INFO     	 Epoch 52 | average train loss: 0.0195
2021-09-07 11:32:30 INFO     	 Epoch 52 | average valid loss: 0.0224
2021-09-07 11:33:15 INFO     	 Epoch 53 | average train loss: 0.0195
2021-09-07 11:33:15 INFO     	 Epoch 53 | average valid loss: 0.0223
2021-09-07 11:33:59 INFO     	 Epoch 54 | average train loss: 0.0194
2021-09-07 11:33:59 INFO     	 Epoch 54 | average valid loss: 0.0222
2021-09-07 11:34:04 INFO     	 valid MR: 148.77 | MRR: 0.329 | H@1: 0.237 | H@3: 0.362 | H@10: 0.514
2021-09-07 11:34:04 INFO     	 Saving model at epoch 54 in /home/datascienceadmin/silva/KGEmb/logs/09_07/FB237/RotH_10_52_45
2021-09-07 11:34:49 INFO     	 Epoch 55 | average train loss: 0.0193
2021-09-07 11:34:50 INFO     	 Epoch 55 | average valid loss: 0.0223
2021-09-07 11:35:33 INFO     	 Epoch 56 | average train loss: 0.0193
2021-09-07 11:35:33 INFO     	 Epoch 56 | average valid loss: 0.0222
2021-09-07 11:36:18 INFO     	 Epoch 57 | average train loss: 0.0192
2021-09-07 11:36:18 INFO     	 Epoch 57 | average valid loss: 0.0223
2021-09-07 11:37:02 INFO     	 Epoch 58 | average train loss: 0.0191
2021-09-07 11:37:02 INFO     	 Epoch 58 | average valid loss: 0.0221
2021-09-07 11:37:44 INFO     	 Epoch 59 | average train loss: 0.0191
2021-09-07 11:37:45 INFO     	 Epoch 59 | average valid loss: 0.0223
2021-09-07 11:37:50 INFO     	 valid MR: 146.98 | MRR: 0.331 | H@1: 0.237 | H@3: 0.364 | H@10: 0.517
2021-09-07 11:37:50 INFO     	 Saving model at epoch 59 in /home/datascienceadmin/silva/KGEmb/logs/09_07/FB237/RotH_10_52_45
2021-09-07 11:38:33 INFO     	 Epoch 60 | average train loss: 0.0190
2021-09-07 11:38:34 INFO     	 Epoch 60 | average valid loss: 0.0223
2021-09-07 11:39:18 INFO     	 Epoch 61 | average train loss: 0.0190
2021-09-07 11:39:18 INFO     	 Epoch 61 | average valid loss: 0.0223
2021-09-07 11:40:02 INFO     	 Epoch 62 | average train loss: 0.0189
2021-09-07 11:40:02 INFO     	 Epoch 62 | average valid loss: 0.0222
2021-09-07 11:40:45 INFO     	 Epoch 63 | average train loss: 0.0189
2021-09-07 11:40:45 INFO     	 Epoch 63 | average valid loss: 0.0223
2021-09-07 11:41:29 INFO     	 Epoch 64 | average train loss: 0.0188
2021-09-07 11:41:30 INFO     	 Epoch 64 | average valid loss: 0.0223
2021-09-07 11:41:35 INFO     	 valid MR: 148.17 | MRR: 0.332 | H@1: 0.239 | H@3: 0.365 | H@10: 0.518
2021-09-07 11:41:35 INFO     	 Saving model at epoch 64 in /home/datascienceadmin/silva/KGEmb/logs/09_07/FB237/RotH_10_52_45
2021-09-07 11:42:17 INFO     	 Epoch 65 | average train loss: 0.0188
2021-09-07 11:42:18 INFO     	 Epoch 65 | average valid loss: 0.0223
2021-09-07 11:43:02 INFO     	 Epoch 66 | average train loss: 0.0187
2021-09-07 11:43:02 INFO     	 Epoch 66 | average valid loss: 0.0224
2021-09-07 11:43:46 INFO     	 Epoch 67 | average train loss: 0.0187
2021-09-07 11:43:46 INFO     	 Epoch 67 | average valid loss: 0.0224
2021-09-07 11:44:30 INFO     	 Epoch 68 | average train loss: 0.0186
2021-09-07 11:44:31 INFO     	 Epoch 68 | average valid loss: 0.0222
2021-09-07 11:45:14 INFO     	 Epoch 69 | average train loss: 0.0186
2021-09-07 11:45:15 INFO     	 Epoch 69 | average valid loss: 0.0223
2021-09-07 11:45:20 INFO     	 valid MR: 145.27 | MRR: 0.333 | H@1: 0.239 | H@3: 0.365 | H@10: 0.519
2021-09-07 11:45:20 INFO     	 Saving model at epoch 69 in /home/datascienceadmin/silva/KGEmb/logs/09_07/FB237/RotH_10_52_45
2021-09-07 11:46:03 INFO     	 Epoch 70 | average train loss: 0.0185
2021-09-07 11:46:04 INFO     	 Epoch 70 | average valid loss: 0.0223
2021-09-07 11:46:47 INFO     	 Epoch 71 | average train loss: 0.0185
2021-09-07 11:46:47 INFO     	 Epoch 71 | average valid loss: 0.0222
2021-09-07 11:47:30 INFO     	 Epoch 72 | average train loss: 0.0185
2021-09-07 11:47:31 INFO     	 Epoch 72 | average valid loss: 0.0224
2021-09-07 11:48:14 INFO     	 Epoch 73 | average train loss: 0.0184
2021-09-07 11:48:15 INFO     	 Epoch 73 | average valid loss: 0.0224
2021-09-07 11:48:59 INFO     	 Epoch 74 | average train loss: 0.0184
2021-09-07 11:48:59 INFO     	 Epoch 74 | average valid loss: 0.0224
2021-09-07 11:49:05 INFO     	 valid MR: 146.97 | MRR: 0.334 | H@1: 0.240 | H@3: 0.368 | H@10: 0.521
2021-09-07 11:49:05 INFO     	 Saving model at epoch 74 in /home/datascienceadmin/silva/KGEmb/logs/09_07/FB237/RotH_10_52_45
2021-09-07 11:49:50 INFO     	 Epoch 75 | average train loss: 0.0183
2021-09-07 11:49:50 INFO     	 Epoch 75 | average valid loss: 0.0224
2021-09-07 11:50:35 INFO     	 Epoch 76 | average train loss: 0.0183
2021-09-07 11:50:36 INFO     	 Epoch 76 | average valid loss: 0.0224
2021-09-07 11:51:20 INFO     	 Epoch 77 | average train loss: 0.0182
2021-09-07 11:51:20 INFO     	 Epoch 77 | average valid loss: 0.0222
2021-09-07 11:52:04 INFO     	 Epoch 78 | average train loss: 0.0182
2021-09-07 11:52:04 INFO     	 Epoch 78 | average valid loss: 0.0223
2021-09-07 11:52:47 INFO     	 Epoch 79 | average train loss: 0.0182
2021-09-07 11:52:48 INFO     	 Epoch 79 | average valid loss: 0.0224
2021-09-07 11:52:53 INFO     	 valid MR: 145.09 | MRR: 0.335 | H@1: 0.241 | H@3: 0.368 | H@10: 0.521
2021-09-07 11:52:53 INFO     	 Saving model at epoch 79 in /home/datascienceadmin/silva/KGEmb/logs/09_07/FB237/RotH_10_52_45
2021-09-07 11:53:36 INFO     	 Epoch 80 | average train loss: 0.0181
2021-09-07 11:53:36 INFO     	 Epoch 80 | average valid loss: 0.0224
2021-09-07 11:54:20 INFO     	 Epoch 81 | average train loss: 0.0181
2021-09-07 11:54:21 INFO     	 Epoch 81 | average valid loss: 0.0224
2021-09-07 11:55:05 INFO     	 Epoch 82 | average train loss: 0.0180
2021-09-07 11:55:05 INFO     	 Epoch 82 | average valid loss: 0.0224
2021-09-07 11:55:49 INFO     	 Epoch 83 | average train loss: 0.0180
2021-09-07 11:55:49 INFO     	 Epoch 83 | average valid loss: 0.0224
2021-09-07 11:56:34 INFO     	 Epoch 84 | average train loss: 0.0180
2021-09-07 11:56:34 INFO     	 Epoch 84 | average valid loss: 0.0224
2021-09-07 11:56:41 INFO     	 valid MR: 146.21 | MRR: 0.335 | H@1: 0.242 | H@3: 0.369 | H@10: 0.522
2021-09-07 11:56:41 INFO     	 Saving model at epoch 84 in /home/datascienceadmin/silva/KGEmb/logs/09_07/FB237/RotH_10_52_45
2021-09-07 11:57:25 INFO     	 Epoch 85 | average train loss: 0.0179
2021-09-07 11:57:25 INFO     	 Epoch 85 | average valid loss: 0.0224
2021-09-07 11:58:09 INFO     	 Epoch 86 | average train loss: 0.0179
2021-09-07 11:58:09 INFO     	 Epoch 86 | average valid loss: 0.0224
2021-09-07 11:58:53 INFO     	 Epoch 87 | average train loss: 0.0179
2021-09-07 11:58:54 INFO     	 Epoch 87 | average valid loss: 0.0224
2021-09-07 11:59:38 INFO     	 Epoch 88 | average train loss: 0.0178
2021-09-07 11:59:38 INFO     	 Epoch 88 | average valid loss: 0.0225
2021-09-07 12:00:22 INFO     	 Epoch 89 | average train loss: 0.0178
2021-09-07 12:00:22 INFO     	 Epoch 89 | average valid loss: 0.0224
2021-09-07 12:00:27 INFO     	 valid MR: 145.11 | MRR: 0.335 | H@1: 0.241 | H@3: 0.370 | H@10: 0.523
2021-09-07 12:00:27 INFO     	 Saving model at epoch 89 in /home/datascienceadmin/silva/KGEmb/logs/09_07/FB237/RotH_10_52_45
2021-09-07 12:01:12 INFO     	 Epoch 90 | average train loss: 0.0177
2021-09-07 12:01:12 INFO     	 Epoch 90 | average valid loss: 0.0224
2021-09-07 12:01:56 INFO     	 Epoch 91 | average train loss: 0.0177
2021-09-07 12:01:56 INFO     	 Epoch 91 | average valid loss: 0.0225
2021-09-07 12:02:40 INFO     	 Epoch 92 | average train loss: 0.0177
2021-09-07 12:02:40 INFO     	 Epoch 92 | average valid loss: 0.0224
2021-09-07 12:03:24 INFO     	 Epoch 93 | average train loss: 0.0176
2021-09-07 12:03:25 INFO     	 Epoch 93 | average valid loss: 0.0224
2021-09-07 12:04:09 INFO     	 Epoch 94 | average train loss: 0.0176
2021-09-07 12:04:09 INFO     	 Epoch 94 | average valid loss: 0.0224
2021-09-07 12:04:15 INFO     	 valid MR: 143.76 | MRR: 0.337 | H@1: 0.244 | H@3: 0.372 | H@10: 0.524
2021-09-07 12:04:15 INFO     	 Saving model at epoch 94 in /home/datascienceadmin/silva/KGEmb/logs/09_07/FB237/RotH_10_52_45
2021-09-07 12:05:00 INFO     	 Epoch 95 | average train loss: 0.0176
2021-09-07 12:05:00 INFO     	 Epoch 95 | average valid loss: 0.0225
2021-09-07 12:05:45 INFO     	 Epoch 96 | average train loss: 0.0175
2021-09-07 12:05:45 INFO     	 Epoch 96 | average valid loss: 0.0224
2021-09-07 12:06:30 INFO     	 Epoch 97 | average train loss: 0.0175
2021-09-07 12:06:31 INFO     	 Epoch 97 | average valid loss: 0.0226
2021-09-07 12:07:16 INFO     	 Epoch 98 | average train loss: 0.0175
2021-09-07 12:07:16 INFO     	 Epoch 98 | average valid loss: 0.0226
2021-09-07 12:08:01 INFO     	 Epoch 99 | average train loss: 0.0174
2021-09-07 12:08:01 INFO     	 Epoch 99 | average valid loss: 0.0226
2021-09-07 12:08:06 INFO     	 valid MR: 144.60 | MRR: 0.338 | H@1: 0.244 | H@3: 0.372 | H@10: 0.525
2021-09-07 12:08:06 INFO     	 Saving model at epoch 99 in /home/datascienceadmin/silva/KGEmb/logs/09_07/FB237/RotH_10_52_45
2021-09-07 12:08:50 INFO     	 Epoch 100 | average train loss: 0.0174
2021-09-07 12:08:50 INFO     	 Epoch 100 | average valid loss: 0.0224
2021-09-07 12:09:35 INFO     	 Epoch 101 | average train loss: 0.0174
2021-09-07 12:09:35 INFO     	 Epoch 101 | average valid loss: 0.0225
2021-09-07 12:10:19 INFO     	 Epoch 102 | average train loss: 0.0173
2021-09-07 12:10:20 INFO     	 Epoch 102 | average valid loss: 0.0225
2021-09-07 12:11:04 INFO     	 Epoch 103 | average train loss: 0.0173
2021-09-07 12:11:04 INFO     	 Epoch 103 | average valid loss: 0.0225
2021-09-07 12:11:47 INFO     	 Epoch 104 | average train loss: 0.0173
2021-09-07 12:11:47 INFO     	 Epoch 104 | average valid loss: 0.0225
2021-09-07 12:11:53 INFO     	 valid MR: 144.92 | MRR: 0.337 | H@1: 0.243 | H@3: 0.373 | H@10: 0.524
2021-09-07 12:12:36 INFO     	 Epoch 105 | average train loss: 0.0173
2021-09-07 12:12:37 INFO     	 Epoch 105 | average valid loss: 0.0226
2021-09-07 12:13:21 INFO     	 Epoch 106 | average train loss: 0.0172
2021-09-07 12:13:21 INFO     	 Epoch 106 | average valid loss: 0.0225
2021-09-07 12:14:05 INFO     	 Epoch 107 | average train loss: 0.0172
2021-09-07 12:14:05 INFO     	 Epoch 107 | average valid loss: 0.0225
2021-09-07 12:14:50 INFO     	 Epoch 108 | average train loss: 0.0172
2021-09-07 12:14:51 INFO     	 Epoch 108 | average valid loss: 0.0226
2021-09-07 12:15:35 INFO     	 Epoch 109 | average train loss: 0.0171
2021-09-07 12:15:36 INFO     	 Epoch 109 | average valid loss: 0.0226
2021-09-07 12:15:41 INFO     	 valid MR: 145.38 | MRR: 0.338 | H@1: 0.244 | H@3: 0.372 | H@10: 0.526
2021-09-07 12:15:41 INFO     	 Saving model at epoch 109 in /home/datascienceadmin/silva/KGEmb/logs/09_07/FB237/RotH_10_52_45
2021-09-07 12:16:27 INFO     	 Epoch 110 | average train loss: 0.0171
2021-09-07 12:16:27 INFO     	 Epoch 110 | average valid loss: 0.0226
2021-09-07 12:17:11 INFO     	 Epoch 111 | average train loss: 0.0171
2021-09-07 12:17:11 INFO     	 Epoch 111 | average valid loss: 0.0226
2021-09-07 12:17:56 INFO     	 Epoch 112 | average train loss: 0.0171
2021-09-07 12:17:57 INFO     	 Epoch 112 | average valid loss: 0.0227
2021-09-07 12:18:40 INFO     	 Epoch 113 | average train loss: 0.0170
2021-09-07 12:18:41 INFO     	 Epoch 113 | average valid loss: 0.0227
2021-09-07 12:19:24 INFO     	 Epoch 114 | average train loss: 0.0170
2021-09-07 12:19:24 INFO     	 Epoch 114 | average valid loss: 0.0228
2021-09-07 12:19:30 INFO     	 valid MR: 143.28 | MRR: 0.338 | H@1: 0.244 | H@3: 0.374 | H@10: 0.526
2021-09-07 12:19:30 INFO     	 Saving model at epoch 114 in /home/datascienceadmin/silva/KGEmb/logs/09_07/FB237/RotH_10_52_45
2021-09-07 12:20:13 INFO     	 Epoch 115 | average train loss: 0.0170
2021-09-07 12:20:13 INFO     	 Epoch 115 | average valid loss: 0.0227
2021-09-07 12:20:58 INFO     	 Epoch 116 | average train loss: 0.0170
2021-09-07 12:20:58 INFO     	 Epoch 116 | average valid loss: 0.0226
2021-09-07 12:21:42 INFO     	 Epoch 117 | average train loss: 0.0169
2021-09-07 12:21:42 INFO     	 Epoch 117 | average valid loss: 0.0228
2021-09-07 12:22:27 INFO     	 Epoch 118 | average train loss: 0.0169
2021-09-07 12:22:28 INFO     	 Epoch 118 | average valid loss: 0.0227
2021-09-07 12:23:10 INFO     	 Epoch 119 | average train loss: 0.0169
2021-09-07 12:23:10 INFO     	 Epoch 119 | average valid loss: 0.0227
2021-09-07 12:23:16 INFO     	 valid MR: 143.40 | MRR: 0.339 | H@1: 0.245 | H@3: 0.373 | H@10: 0.526
2021-09-07 12:23:16 INFO     	 Saving model at epoch 119 in /home/datascienceadmin/silva/KGEmb/logs/09_07/FB237/RotH_10_52_45
2021-09-07 12:24:01 INFO     	 Epoch 120 | average train loss: 0.0169
2021-09-07 12:24:01 INFO     	 Epoch 120 | average valid loss: 0.0227
2021-09-07 12:24:46 INFO     	 Epoch 121 | average train loss: 0.0168
2021-09-07 12:24:46 INFO     	 Epoch 121 | average valid loss: 0.0228
2021-09-07 12:25:32 INFO     	 Epoch 122 | average train loss: 0.0168
2021-09-07 12:25:32 INFO     	 Epoch 122 | average valid loss: 0.0227
2021-09-07 12:26:16 INFO     	 Epoch 123 | average train loss: 0.0168
2021-09-07 12:26:17 INFO     	 Epoch 123 | average valid loss: 0.0228
2021-09-07 12:27:01 INFO     	 Epoch 124 | average train loss: 0.0168
2021-09-07 12:27:01 INFO     	 Epoch 124 | average valid loss: 0.0227
2021-09-07 12:27:07 INFO     	 valid MR: 143.53 | MRR: 0.339 | H@1: 0.246 | H@3: 0.374 | H@10: 0.526
2021-09-07 12:27:07 INFO     	 Saving model at epoch 124 in /home/datascienceadmin/silva/KGEmb/logs/09_07/FB237/RotH_10_52_45
2021-09-07 12:27:50 INFO     	 Epoch 125 | average train loss: 0.0167
2021-09-07 12:27:51 INFO     	 Epoch 125 | average valid loss: 0.0227
2021-09-07 12:28:35 INFO     	 Epoch 126 | average train loss: 0.0167
2021-09-07 12:28:36 INFO     	 Epoch 126 | average valid loss: 0.0227
2021-09-07 12:29:20 INFO     	 Epoch 127 | average train loss: 0.0167
2021-09-07 12:29:21 INFO     	 Epoch 127 | average valid loss: 0.0228
2021-09-07 12:30:05 INFO     	 Epoch 128 | average train loss: 0.0166
2021-09-07 12:30:05 INFO     	 Epoch 128 | average valid loss: 0.0227
2021-09-07 12:30:48 INFO     	 Epoch 129 | average train loss: 0.0166
2021-09-07 12:30:49 INFO     	 Epoch 129 | average valid loss: 0.0228
2021-09-07 12:30:54 INFO     	 valid MR: 144.02 | MRR: 0.339 | H@1: 0.244 | H@3: 0.374 | H@10: 0.528
2021-09-07 12:31:37 INFO     	 Epoch 130 | average train loss: 0.0166
2021-09-07 12:31:38 INFO     	 Epoch 130 | average valid loss: 0.0228
2021-09-07 12:32:22 INFO     	 Epoch 131 | average train loss: 0.0166
2021-09-07 12:32:22 INFO     	 Epoch 131 | average valid loss: 0.0228
2021-09-07 12:33:06 INFO     	 Epoch 132 | average train loss: 0.0166
2021-09-07 12:33:06 INFO     	 Epoch 132 | average valid loss: 0.0227
2021-09-07 12:33:50 INFO     	 Epoch 133 | average train loss: 0.0165
2021-09-07 12:33:50 INFO     	 Epoch 133 | average valid loss: 0.0229
2021-09-07 12:34:34 INFO     	 Epoch 134 | average train loss: 0.0165
2021-09-07 12:34:35 INFO     	 Epoch 134 | average valid loss: 0.0229
2021-09-07 12:34:40 INFO     	 valid MR: 143.62 | MRR: 0.340 | H@1: 0.246 | H@3: 0.375 | H@10: 0.527
2021-09-07 12:34:40 INFO     	 Saving model at epoch 134 in /home/datascienceadmin/silva/KGEmb/logs/09_07/FB237/RotH_10_52_45
2021-09-07 12:35:24 INFO     	 Epoch 135 | average train loss: 0.0165
2021-09-07 12:35:25 INFO     	 Epoch 135 | average valid loss: 0.0229
2021-09-07 12:36:08 INFO     	 Epoch 136 | average train loss: 0.0164
2021-09-07 12:36:09 INFO     	 Epoch 136 | average valid loss: 0.0229
2021-09-07 12:36:52 INFO     	 Epoch 137 | average train loss: 0.0165
2021-09-07 12:36:53 INFO     	 Epoch 137 | average valid loss: 0.0229
2021-09-07 12:37:37 INFO     	 Epoch 138 | average train loss: 0.0164
2021-09-07 12:37:37 INFO     	 Epoch 138 | average valid loss: 0.0229
2021-09-07 12:38:20 INFO     	 Epoch 139 | average train loss: 0.0164
2021-09-07 12:38:21 INFO     	 Epoch 139 | average valid loss: 0.0229
2021-09-07 12:38:26 INFO     	 valid MR: 144.29 | MRR: 0.340 | H@1: 0.246 | H@3: 0.374 | H@10: 0.528
2021-09-07 12:38:26 INFO     	 Saving model at epoch 139 in /home/datascienceadmin/silva/KGEmb/logs/09_07/FB237/RotH_10_52_45
2021-09-07 12:39:11 INFO     	 Epoch 140 | average train loss: 0.0164
2021-09-07 12:39:11 INFO     	 Epoch 140 | average valid loss: 0.0229
2021-09-07 12:39:55 INFO     	 Epoch 141 | average train loss: 0.0163
2021-09-07 12:39:55 INFO     	 Epoch 141 | average valid loss: 0.0229
2021-09-07 12:40:40 INFO     	 Epoch 142 | average train loss: 0.0163
2021-09-07 12:40:41 INFO     	 Epoch 142 | average valid loss: 0.0230
2021-09-07 12:41:25 INFO     	 Epoch 143 | average train loss: 0.0163
2021-09-07 12:41:25 INFO     	 Epoch 143 | average valid loss: 0.0229
2021-09-07 12:42:10 INFO     	 Epoch 144 | average train loss: 0.0163
2021-09-07 12:42:11 INFO     	 Epoch 144 | average valid loss: 0.0230
2021-09-07 12:42:17 INFO     	 valid MR: 142.96 | MRR: 0.341 | H@1: 0.247 | H@3: 0.377 | H@10: 0.528
2021-09-07 12:42:17 INFO     	 Saving model at epoch 144 in /home/datascienceadmin/silva/KGEmb/logs/09_07/FB237/RotH_10_52_45
2021-09-07 12:43:02 INFO     	 Epoch 145 | average train loss: 0.0163
2021-09-07 12:43:03 INFO     	 Epoch 145 | average valid loss: 0.0231
2021-09-07 12:43:48 INFO     	 Epoch 146 | average train loss: 0.0162
2021-09-07 12:43:48 INFO     	 Epoch 146 | average valid loss: 0.0229
2021-09-07 12:44:33 INFO     	 Epoch 147 | average train loss: 0.0162
2021-09-07 12:44:33 INFO     	 Epoch 147 | average valid loss: 0.0230
2021-09-07 12:45:17 INFO     	 Epoch 148 | average train loss: 0.0162
2021-09-07 12:45:18 INFO     	 Epoch 148 | average valid loss: 0.0229
2021-09-07 12:46:03 INFO     	 Epoch 149 | average train loss: 0.0162
2021-09-07 12:46:03 INFO     	 Epoch 149 | average valid loss: 0.0230
2021-09-07 12:46:09 INFO     	 valid MR: 143.75 | MRR: 0.342 | H@1: 0.248 | H@3: 0.377 | H@10: 0.529
2021-09-07 12:46:09 INFO     	 Saving model at epoch 149 in /home/datascienceadmin/silva/KGEmb/logs/09_07/FB237/RotH_10_52_45
2021-09-07 12:46:53 INFO     	 Epoch 150 | average train loss: 0.0162
2021-09-07 12:46:53 INFO     	 Epoch 150 | average valid loss: 0.0229
2021-09-07 12:47:38 INFO     	 Epoch 151 | average train loss: 0.0161
2021-09-07 12:47:38 INFO     	 Epoch 151 | average valid loss: 0.0231
2021-09-07 12:48:21 INFO     	 Epoch 152 | average train loss: 0.0161
2021-09-07 12:48:21 INFO     	 Epoch 152 | average valid loss: 0.0230
2021-09-07 12:49:06 INFO     	 Epoch 153 | average train loss: 0.0161
2021-09-07 12:49:06 INFO     	 Epoch 153 | average valid loss: 0.0230
2021-09-07 12:49:50 INFO     	 Epoch 154 | average train loss: 0.0161
2021-09-07 12:49:50 INFO     	 Epoch 154 | average valid loss: 0.0230
2021-09-07 12:49:56 INFO     	 valid MR: 143.13 | MRR: 0.342 | H@1: 0.248 | H@3: 0.377 | H@10: 0.529
2021-09-07 12:50:40 INFO     	 Epoch 155 | average train loss: 0.0161
2021-09-07 12:50:40 INFO     	 Epoch 155 | average valid loss: 0.0230
2021-09-07 12:51:24 INFO     	 Epoch 156 | average train loss: 0.0161
2021-09-07 12:51:24 INFO     	 Epoch 156 | average valid loss: 0.0231
2021-09-07 12:52:08 INFO     	 Epoch 157 | average train loss: 0.0160
2021-09-07 12:52:08 INFO     	 Epoch 157 | average valid loss: 0.0232
2021-09-07 12:52:52 INFO     	 Epoch 158 | average train loss: 0.0160
2021-09-07 12:52:52 INFO     	 Epoch 158 | average valid loss: 0.0231
2021-09-07 12:53:36 INFO     	 Epoch 159 | average train loss: 0.0160
2021-09-07 12:53:37 INFO     	 Epoch 159 | average valid loss: 0.0232
2021-09-07 12:53:44 INFO     	 valid MR: 144.13 | MRR: 0.341 | H@1: 0.246 | H@3: 0.376 | H@10: 0.528
2021-09-07 12:54:28 INFO     	 Epoch 160 | average train loss: 0.0160
2021-09-07 12:54:28 INFO     	 Epoch 160 | average valid loss: 0.0230
2021-09-07 12:55:13 INFO     	 Epoch 161 | average train loss: 0.0160
2021-09-07 12:55:13 INFO     	 Epoch 161 | average valid loss: 0.0232
2021-09-07 12:55:57 INFO     	 Epoch 162 | average train loss: 0.0159
2021-09-07 12:55:57 INFO     	 Epoch 162 | average valid loss: 0.0231
2021-09-07 12:56:41 INFO     	 Epoch 163 | average train loss: 0.0159
2021-09-07 12:56:42 INFO     	 Epoch 163 | average valid loss: 0.0233
2021-09-07 12:57:26 INFO     	 Epoch 164 | average train loss: 0.0159
2021-09-07 12:57:26 INFO     	 Epoch 164 | average valid loss: 0.0233
2021-09-07 12:57:32 INFO     	 valid MR: 144.11 | MRR: 0.342 | H@1: 0.247 | H@3: 0.377 | H@10: 0.531
2021-09-07 12:58:17 INFO     	 Epoch 165 | average train loss: 0.0159
2021-09-07 12:58:17 INFO     	 Epoch 165 | average valid loss: 0.0232
2021-09-07 12:59:02 INFO     	 Epoch 166 | average train loss: 0.0159
2021-09-07 12:59:02 INFO     	 Epoch 166 | average valid loss: 0.0231
2021-09-07 12:59:47 INFO     	 Epoch 167 | average train loss: 0.0159
2021-09-07 12:59:47 INFO     	 Epoch 167 | average valid loss: 0.0231
2021-09-07 13:00:31 INFO     	 Epoch 168 | average train loss: 0.0158
2021-09-07 13:00:31 INFO     	 Epoch 168 | average valid loss: 0.0233
2021-09-07 13:01:15 INFO     	 Epoch 169 | average train loss: 0.0158
2021-09-07 13:01:15 INFO     	 Epoch 169 | average valid loss: 0.0232
2021-09-07 13:01:21 INFO     	 valid MR: 144.06 | MRR: 0.343 | H@1: 0.249 | H@3: 0.378 | H@10: 0.531
2021-09-07 13:01:21 INFO     	 Saving model at epoch 169 in /home/datascienceadmin/silva/KGEmb/logs/09_07/FB237/RotH_10_52_45
2021-09-07 13:02:05 INFO     	 Epoch 170 | average train loss: 0.0158
2021-09-07 13:02:06 INFO     	 Epoch 170 | average valid loss: 0.0233
2021-09-07 13:02:50 INFO     	 Epoch 171 | average train loss: 0.0158
2021-09-07 13:02:50 INFO     	 Epoch 171 | average valid loss: 0.0231
2021-09-07 13:03:35 INFO     	 Epoch 172 | average train loss: 0.0157
2021-09-07 13:03:35 INFO     	 Epoch 172 | average valid loss: 0.0233
2021-09-07 13:04:20 INFO     	 Epoch 173 | average train loss: 0.0158
2021-09-07 13:04:20 INFO     	 Epoch 173 | average valid loss: 0.0232
2021-09-07 13:05:04 INFO     	 Epoch 174 | average train loss: 0.0157
2021-09-07 13:05:04 INFO     	 Epoch 174 | average valid loss: 0.0233
2021-09-07 13:05:10 INFO     	 valid MR: 143.91 | MRR: 0.343 | H@1: 0.248 | H@3: 0.380 | H@10: 0.531
2021-09-07 13:05:54 INFO     	 Epoch 175 | average train loss: 0.0157
2021-09-07 13:05:54 INFO     	 Epoch 175 | average valid loss: 0.0232
2021-09-07 13:06:38 INFO     	 Epoch 176 | average train loss: 0.0157
2021-09-07 13:06:38 INFO     	 Epoch 176 | average valid loss: 0.0233
2021-09-07 13:07:24 INFO     	 Epoch 177 | average train loss: 0.0157
2021-09-07 13:07:24 INFO     	 Epoch 177 | average valid loss: 0.0233
2021-09-07 13:08:08 INFO     	 Epoch 178 | average train loss: 0.0156
2021-09-07 13:08:09 INFO     	 Epoch 178 | average valid loss: 0.0233
2021-09-07 13:08:52 INFO     	 Epoch 179 | average train loss: 0.0156
2021-09-07 13:08:52 INFO     	 Epoch 179 | average valid loss: 0.0233
2021-09-07 13:08:58 INFO     	 valid MR: 144.53 | MRR: 0.343 | H@1: 0.248 | H@3: 0.379 | H@10: 0.533
2021-09-07 13:09:42 INFO     	 Epoch 180 | average train loss: 0.0156
2021-09-07 13:09:43 INFO     	 Epoch 180 | average valid loss: 0.0233
2021-09-07 13:10:27 INFO     	 Epoch 181 | average train loss: 0.0156
2021-09-07 13:10:27 INFO     	 Epoch 181 | average valid loss: 0.0234
2021-09-07 13:11:11 INFO     	 Epoch 182 | average train loss: 0.0156
2021-09-07 13:11:12 INFO     	 Epoch 182 | average valid loss: 0.0233
2021-09-07 13:11:56 INFO     	 Epoch 183 | average train loss: 0.0156
2021-09-07 13:11:56 INFO     	 Epoch 183 | average valid loss: 0.0234
2021-09-07 13:12:40 INFO     	 Epoch 184 | average train loss: 0.0156
2021-09-07 13:12:40 INFO     	 Epoch 184 | average valid loss: 0.0234
2021-09-07 13:12:46 INFO     	 valid MR: 143.81 | MRR: 0.343 | H@1: 0.249 | H@3: 0.380 | H@10: 0.532
2021-09-07 13:12:46 INFO     	 Saving model at epoch 184 in /home/datascienceadmin/silva/KGEmb/logs/09_07/FB237/RotH_10_52_45
2021-09-07 13:13:31 INFO     	 Epoch 185 | average train loss: 0.0155
2021-09-07 13:13:31 INFO     	 Epoch 185 | average valid loss: 0.0234
2021-09-07 13:14:15 INFO     	 Epoch 186 | average train loss: 0.0155
2021-09-07 13:14:15 INFO     	 Epoch 186 | average valid loss: 0.0234
2021-09-07 13:14:59 INFO     	 Epoch 187 | average train loss: 0.0155
2021-09-07 13:15:00 INFO     	 Epoch 187 | average valid loss: 0.0234
2021-09-07 13:15:43 INFO     	 Epoch 188 | average train loss: 0.0155
2021-09-07 13:15:43 INFO     	 Epoch 188 | average valid loss: 0.0234
2021-09-07 13:16:28 INFO     	 Epoch 189 | average train loss: 0.0155
2021-09-07 13:16:28 INFO     	 Epoch 189 | average valid loss: 0.0234
2021-09-07 13:16:34 INFO     	 valid MR: 142.82 | MRR: 0.344 | H@1: 0.250 | H@3: 0.379 | H@10: 0.530
2021-09-07 13:16:34 INFO     	 Saving model at epoch 189 in /home/datascienceadmin/silva/KGEmb/logs/09_07/FB237/RotH_10_52_45
2021-09-07 13:17:18 INFO     	 Epoch 190 | average train loss: 0.0155
2021-09-07 13:17:19 INFO     	 Epoch 190 | average valid loss: 0.0235
2021-09-07 13:18:02 INFO     	 Epoch 191 | average train loss: 0.0155
2021-09-07 13:18:03 INFO     	 Epoch 191 | average valid loss: 0.0235
2021-09-07 13:18:47 INFO     	 Epoch 192 | average train loss: 0.0154
2021-09-07 13:18:47 INFO     	 Epoch 192 | average valid loss: 0.0235
2021-09-07 13:19:31 INFO     	 Epoch 193 | average train loss: 0.0154
2021-09-07 13:19:31 INFO     	 Epoch 193 | average valid loss: 0.0235
2021-09-07 13:20:15 INFO     	 Epoch 194 | average train loss: 0.0154
2021-09-07 13:20:15 INFO     	 Epoch 194 | average valid loss: 0.0235
2021-09-07 13:20:21 INFO     	 valid MR: 143.28 | MRR: 0.343 | H@1: 0.249 | H@3: 0.379 | H@10: 0.532
2021-09-07 13:21:06 INFO     	 Epoch 195 | average train loss: 0.0154
2021-09-07 13:21:07 INFO     	 Epoch 195 | average valid loss: 0.0235
2021-09-07 13:21:50 INFO     	 Epoch 196 | average train loss: 0.0154
2021-09-07 13:21:50 INFO     	 Epoch 196 | average valid loss: 0.0235
2021-09-07 13:22:34 INFO     	 Epoch 197 | average train loss: 0.0154
2021-09-07 13:22:34 INFO     	 Epoch 197 | average valid loss: 0.0235
2021-09-07 13:23:18 INFO     	 Epoch 198 | average train loss: 0.0154
2021-09-07 13:23:18 INFO     	 Epoch 198 | average valid loss: 0.0236
2021-09-07 13:24:01 INFO     	 Epoch 199 | average train loss: 0.0153
2021-09-07 13:24:02 INFO     	 Epoch 199 | average valid loss: 0.0236
2021-09-07 13:24:08 INFO     	 valid MR: 143.39 | MRR: 0.344 | H@1: 0.250 | H@3: 0.377 | H@10: 0.531
2021-09-07 13:24:52 INFO     	 Epoch 200 | average train loss: 0.0153
2021-09-07 13:24:53 INFO     	 Epoch 200 | average valid loss: 0.0236
2021-09-07 13:25:37 INFO     	 Epoch 201 | average train loss: 0.0153
2021-09-07 13:25:38 INFO     	 Epoch 201 | average valid loss: 0.0235
2021-09-07 13:26:21 INFO     	 Epoch 202 | average train loss: 0.0153
2021-09-07 13:26:21 INFO     	 Epoch 202 | average valid loss: 0.0235
2021-09-07 13:27:03 INFO     	 Epoch 203 | average train loss: 0.0153
2021-09-07 13:27:04 INFO     	 Epoch 203 | average valid loss: 0.0237
2021-09-07 13:27:46 INFO     	 Epoch 204 | average train loss: 0.0153
2021-09-07 13:27:47 INFO     	 Epoch 204 | average valid loss: 0.0236
2021-09-07 13:27:53 INFO     	 valid MR: 143.16 | MRR: 0.343 | H@1: 0.248 | H@3: 0.378 | H@10: 0.530
2021-09-07 13:28:37 INFO     	 Epoch 205 | average train loss: 0.0153
2021-09-07 13:28:37 INFO     	 Epoch 205 | average valid loss: 0.0236
2021-09-07 13:29:22 INFO     	 Epoch 206 | average train loss: 0.0153
2021-09-07 13:29:22 INFO     	 Epoch 206 | average valid loss: 0.0237
2021-09-07 13:30:06 INFO     	 Epoch 207 | average train loss: 0.0152
2021-09-07 13:30:06 INFO     	 Epoch 207 | average valid loss: 0.0237
2021-09-07 13:30:50 INFO     	 Epoch 208 | average train loss: 0.0152
2021-09-07 13:30:51 INFO     	 Epoch 208 | average valid loss: 0.0236
2021-09-07 13:31:36 INFO     	 Epoch 209 | average train loss: 0.0152
2021-09-07 13:31:36 INFO     	 Epoch 209 | average valid loss: 0.0237
2021-09-07 13:31:42 INFO     	 valid MR: 144.08 | MRR: 0.344 | H@1: 0.250 | H@3: 0.379 | H@10: 0.533
2021-09-07 13:32:26 INFO     	 Epoch 210 | average train loss: 0.0152
2021-09-07 13:32:26 INFO     	 Epoch 210 | average valid loss: 0.0236
2021-09-07 13:33:11 INFO     	 Epoch 211 | average train loss: 0.0152
2021-09-07 13:33:11 INFO     	 Epoch 211 | average valid loss: 0.0238
2021-09-07 13:33:55 INFO     	 Epoch 212 | average train loss: 0.0152
2021-09-07 13:33:55 INFO     	 Epoch 212 | average valid loss: 0.0238
2021-09-07 13:34:39 INFO     	 Epoch 213 | average train loss: 0.0151
2021-09-07 13:34:39 INFO     	 Epoch 213 | average valid loss: 0.0236
2021-09-07 13:35:23 INFO     	 Epoch 214 | average train loss: 0.0151
2021-09-07 13:35:23 INFO     	 Epoch 214 | average valid loss: 0.0237
2021-09-07 13:35:30 INFO     	 valid MR: 144.67 | MRR: 0.344 | H@1: 0.249 | H@3: 0.379 | H@10: 0.531
2021-09-07 13:36:14 INFO     	 Epoch 215 | average train loss: 0.0151
2021-09-07 13:36:14 INFO     	 Epoch 215 | average valid loss: 0.0237
2021-09-07 13:36:58 INFO     	 Epoch 216 | average train loss: 0.0151
2021-09-07 13:36:58 INFO     	 Epoch 216 | average valid loss: 0.0237
2021-09-07 13:37:43 INFO     	 Epoch 217 | average train loss: 0.0151
2021-09-07 13:37:43 INFO     	 Epoch 217 | average valid loss: 0.0236
2021-09-07 13:38:27 INFO     	 Epoch 218 | average train loss: 0.0151
2021-09-07 13:38:27 INFO     	 Epoch 218 | average valid loss: 0.0237
2021-09-07 13:39:12 INFO     	 Epoch 219 | average train loss: 0.0151
2021-09-07 13:39:12 INFO     	 Epoch 219 | average valid loss: 0.0238
2021-09-07 13:39:18 INFO     	 valid MR: 143.61 | MRR: 0.342 | H@1: 0.248 | H@3: 0.378 | H@10: 0.531
2021-09-07 13:40:02 INFO     	 Epoch 220 | average train loss: 0.0151
2021-09-07 13:40:03 INFO     	 Epoch 220 | average valid loss: 0.0237
2021-09-07 13:40:47 INFO     	 Epoch 221 | average train loss: 0.0151
2021-09-07 13:40:47 INFO     	 Epoch 221 | average valid loss: 0.0238
2021-09-07 13:41:32 INFO     	 Epoch 222 | average train loss: 0.0150
2021-09-07 13:41:32 INFO     	 Epoch 222 | average valid loss: 0.0238
2021-09-07 13:42:15 INFO     	 Epoch 223 | average train loss: 0.0150
2021-09-07 13:42:16 INFO     	 Epoch 223 | average valid loss: 0.0238
2021-09-07 13:43:00 INFO     	 Epoch 224 | average train loss: 0.0150
2021-09-07 13:43:00 INFO     	 Epoch 224 | average valid loss: 0.0238
2021-09-07 13:43:06 INFO     	 valid MR: 143.26 | MRR: 0.343 | H@1: 0.248 | H@3: 0.380 | H@10: 0.532
2021-09-07 13:43:50 INFO     	 Epoch 225 | average train loss: 0.0150
2021-09-07 13:43:51 INFO     	 Epoch 225 | average valid loss: 0.0238
2021-09-07 13:44:35 INFO     	 Epoch 226 | average train loss: 0.0150
2021-09-07 13:44:35 INFO     	 Epoch 226 | average valid loss: 0.0238
2021-09-07 13:45:19 INFO     	 Epoch 227 | average train loss: 0.0150
2021-09-07 13:45:19 INFO     	 Epoch 227 | average valid loss: 0.0238
2021-09-07 13:46:03 INFO     	 Epoch 228 | average train loss: 0.0150
2021-09-07 13:46:04 INFO     	 Epoch 228 | average valid loss: 0.0239
2021-09-07 13:46:48 INFO     	 Epoch 229 | average train loss: 0.0150
2021-09-07 13:46:48 INFO     	 Epoch 229 | average valid loss: 0.0240
2021-09-07 13:46:54 INFO     	 valid MR: 143.70 | MRR: 0.344 | H@1: 0.249 | H@3: 0.381 | H@10: 0.534
2021-09-07 13:46:54 INFO     	 Saving model at epoch 229 in /home/datascienceadmin/silva/KGEmb/logs/09_07/FB237/RotH_10_52_45
2021-09-07 13:47:40 INFO     	 Epoch 230 | average train loss: 0.0149
2021-09-07 13:47:40 INFO     	 Epoch 230 | average valid loss: 0.0240
2021-09-07 13:48:25 INFO     	 Epoch 231 | average train loss: 0.0149
2021-09-07 13:48:25 INFO     	 Epoch 231 | average valid loss: 0.0239
2021-09-07 13:49:09 INFO     	 Epoch 232 | average train loss: 0.0149
2021-09-07 13:49:10 INFO     	 Epoch 232 | average valid loss: 0.0239
2021-09-07 13:49:55 INFO     	 Epoch 233 | average train loss: 0.0149
2021-09-07 13:49:55 INFO     	 Epoch 233 | average valid loss: 0.0238
2021-09-07 13:50:40 INFO     	 Epoch 234 | average train loss: 0.0149
2021-09-07 13:50:40 INFO     	 Epoch 234 | average valid loss: 0.0239
2021-09-07 13:50:47 INFO     	 valid MR: 143.84 | MRR: 0.345 | H@1: 0.251 | H@3: 0.380 | H@10: 0.533
2021-09-07 13:50:47 INFO     	 Saving model at epoch 234 in /home/datascienceadmin/silva/KGEmb/logs/09_07/FB237/RotH_10_52_45
2021-09-07 13:51:30 INFO     	 Epoch 235 | average train loss: 0.0149
2021-09-07 13:51:31 INFO     	 Epoch 235 | average valid loss: 0.0239
2021-09-07 13:52:15 INFO     	 Epoch 236 | average train loss: 0.0149
2021-09-07 13:52:15 INFO     	 Epoch 236 | average valid loss: 0.0239
2021-09-07 13:53:00 INFO     	 Epoch 237 | average train loss: 0.0149
2021-09-07 13:53:00 INFO     	 Epoch 237 | average valid loss: 0.0239
2021-09-07 13:53:44 INFO     	 Epoch 238 | average train loss: 0.0149
2021-09-07 13:53:44 INFO     	 Epoch 238 | average valid loss: 0.0239
2021-09-07 13:54:29 INFO     	 Epoch 239 | average train loss: 0.0148
2021-09-07 13:54:29 INFO     	 Epoch 239 | average valid loss: 0.0239
2021-09-07 13:54:35 INFO     	 valid MR: 143.77 | MRR: 0.343 | H@1: 0.248 | H@3: 0.380 | H@10: 0.531
2021-09-07 13:55:19 INFO     	 Epoch 240 | average train loss: 0.0148
2021-09-07 13:55:20 INFO     	 Epoch 240 | average valid loss: 0.0240
2021-09-07 13:56:04 INFO     	 Epoch 241 | average train loss: 0.0148
2021-09-07 13:56:04 INFO     	 Epoch 241 | average valid loss: 0.0239
2021-09-07 13:56:49 INFO     	 Epoch 242 | average train loss: 0.0148
2021-09-07 13:56:50 INFO     	 Epoch 242 | average valid loss: 0.0240
2021-09-07 13:57:34 INFO     	 Epoch 243 | average train loss: 0.0148
2021-09-07 13:57:35 INFO     	 Epoch 243 | average valid loss: 0.0241
2021-09-07 13:58:17 INFO     	 Epoch 244 | average train loss: 0.0148
2021-09-07 13:58:17 INFO     	 Epoch 244 | average valid loss: 0.0241
2021-09-07 13:58:24 INFO     	 valid MR: 143.78 | MRR: 0.343 | H@1: 0.248 | H@3: 0.379 | H@10: 0.532
2021-09-07 13:59:08 INFO     	 Epoch 245 | average train loss: 0.0148
2021-09-07 13:59:08 INFO     	 Epoch 245 | average valid loss: 0.0240
2021-09-07 13:59:54 INFO     	 Epoch 246 | average train loss: 0.0148
2021-09-07 13:59:54 INFO     	 Epoch 246 | average valid loss: 0.0241
2021-09-07 14:00:39 INFO     	 Epoch 247 | average train loss: 0.0147
2021-09-07 14:00:40 INFO     	 Epoch 247 | average valid loss: 0.0240
2021-09-07 14:01:24 INFO     	 Epoch 248 | average train loss: 0.0147
2021-09-07 14:01:24 INFO     	 Epoch 248 | average valid loss: 0.0241
2021-09-07 14:02:08 INFO     	 Epoch 249 | average train loss: 0.0147
2021-09-07 14:02:09 INFO     	 Epoch 249 | average valid loss: 0.0240
2021-09-07 14:02:15 INFO     	 valid MR: 142.68 | MRR: 0.344 | H@1: 0.248 | H@3: 0.380 | H@10: 0.533
2021-09-07 14:03:00 INFO     	 Epoch 250 | average train loss: 0.0147
2021-09-07 14:03:01 INFO     	 Epoch 250 | average valid loss: 0.0240
2021-09-07 14:03:44 INFO     	 Epoch 251 | average train loss: 0.0147
2021-09-07 14:03:45 INFO     	 Epoch 251 | average valid loss: 0.0241
2021-09-07 14:04:28 INFO     	 Epoch 252 | average train loss: 0.0147
2021-09-07 14:04:28 INFO     	 Epoch 252 | average valid loss: 0.0242
2021-09-07 14:05:12 INFO     	 Epoch 253 | average train loss: 0.0147
2021-09-07 14:05:13 INFO     	 Epoch 253 | average valid loss: 0.0242
2021-09-07 14:05:57 INFO     	 Epoch 254 | average train loss: 0.0147
2021-09-07 14:05:57 INFO     	 Epoch 254 | average valid loss: 0.0241
2021-09-07 14:06:04 INFO     	 valid MR: 143.16 | MRR: 0.344 | H@1: 0.249 | H@3: 0.380 | H@10: 0.533
2021-09-07 14:06:49 INFO     	 Epoch 255 | average train loss: 0.0146
2021-09-07 14:06:49 INFO     	 Epoch 255 | average valid loss: 0.0241
2021-09-07 14:07:33 INFO     	 Epoch 256 | average train loss: 0.0147
2021-09-07 14:07:33 INFO     	 Epoch 256 | average valid loss: 0.0240
2021-09-07 14:08:17 INFO     	 Epoch 257 | average train loss: 0.0146
2021-09-07 14:08:17 INFO     	 Epoch 257 | average valid loss: 0.0242
2021-09-07 14:09:00 INFO     	 Epoch 258 | average train loss: 0.0146
2021-09-07 14:09:01 INFO     	 Epoch 258 | average valid loss: 0.0242
2021-09-07 14:09:45 INFO     	 Epoch 259 | average train loss: 0.0146
2021-09-07 14:09:45 INFO     	 Epoch 259 | average valid loss: 0.0242
2021-09-07 14:09:52 INFO     	 valid MR: 145.28 | MRR: 0.343 | H@1: 0.248 | H@3: 0.380 | H@10: 0.532
2021-09-07 14:10:35 INFO     	 Epoch 260 | average train loss: 0.0146
2021-09-07 14:10:36 INFO     	 Epoch 260 | average valid loss: 0.0243
2021-09-07 14:11:20 INFO     	 Epoch 261 | average train loss: 0.0146
2021-09-07 14:11:20 INFO     	 Epoch 261 | average valid loss: 0.0240
2021-09-07 14:12:05 INFO     	 Epoch 262 | average train loss: 0.0146
2021-09-07 14:12:05 INFO     	 Epoch 262 | average valid loss: 0.0242
2021-09-07 14:12:50 INFO     	 Epoch 263 | average train loss: 0.0146
2021-09-07 14:12:50 INFO     	 Epoch 263 | average valid loss: 0.0241
2021-09-07 14:13:34 INFO     	 Epoch 264 | average train loss: 0.0146
2021-09-07 14:13:34 INFO     	 Epoch 264 | average valid loss: 0.0242
2021-09-07 14:13:40 INFO     	 valid MR: 144.27 | MRR: 0.344 | H@1: 0.249 | H@3: 0.381 | H@10: 0.533
2021-09-07 14:14:25 INFO     	 Epoch 265 | average train loss: 0.0146
2021-09-07 14:14:25 INFO     	 Epoch 265 | average valid loss: 0.0241
2021-09-07 14:15:09 INFO     	 Epoch 266 | average train loss: 0.0146
2021-09-07 14:15:10 INFO     	 Epoch 266 | average valid loss: 0.0242
2021-09-07 14:15:54 INFO     	 Epoch 267 | average train loss: 0.0145
2021-09-07 14:15:55 INFO     	 Epoch 267 | average valid loss: 0.0242
2021-09-07 14:16:39 INFO     	 Epoch 268 | average train loss: 0.0145
2021-09-07 14:16:39 INFO     	 Epoch 268 | average valid loss: 0.0241
2021-09-07 14:17:23 INFO     	 Epoch 269 | average train loss: 0.0145
2021-09-07 14:17:24 INFO     	 Epoch 269 | average valid loss: 0.0243
2021-09-07 14:17:30 INFO     	 valid MR: 144.21 | MRR: 0.345 | H@1: 0.250 | H@3: 0.382 | H@10: 0.534
2021-09-07 14:17:30 INFO     	 Saving model at epoch 269 in /home/datascienceadmin/silva/KGEmb/logs/09_07/FB237/RotH_10_52_45
2021-09-07 14:18:15 INFO     	 Epoch 270 | average train loss: 0.0145
2021-09-07 14:18:16 INFO     	 Epoch 270 | average valid loss: 0.0243
2021-09-07 14:19:01 INFO     	 Epoch 271 | average train loss: 0.0145
2021-09-07 14:19:01 INFO     	 Epoch 271 | average valid loss: 0.0242
2021-09-07 14:19:46 INFO     	 Epoch 272 | average train loss: 0.0145
2021-09-07 14:19:46 INFO     	 Epoch 272 | average valid loss: 0.0243
2021-09-07 14:20:31 INFO     	 Epoch 273 | average train loss: 0.0145
2021-09-07 14:20:31 INFO     	 Epoch 273 | average valid loss: 0.0243
2021-09-07 14:21:15 INFO     	 Epoch 274 | average train loss: 0.0145
2021-09-07 14:21:15 INFO     	 Epoch 274 | average valid loss: 0.0242
2021-09-07 14:21:22 INFO     	 valid MR: 144.29 | MRR: 0.344 | H@1: 0.250 | H@3: 0.381 | H@10: 0.533
2021-09-07 14:22:06 INFO     	 Epoch 275 | average train loss: 0.0144
2021-09-07 14:22:07 INFO     	 Epoch 275 | average valid loss: 0.0243
2021-09-07 14:22:51 INFO     	 Epoch 276 | average train loss: 0.0144
2021-09-07 14:22:52 INFO     	 Epoch 276 | average valid loss: 0.0243
2021-09-07 14:23:36 INFO     	 Epoch 277 | average train loss: 0.0144
2021-09-07 14:23:37 INFO     	 Epoch 277 | average valid loss: 0.0243
2021-09-07 14:24:21 INFO     	 Epoch 278 | average train loss: 0.0145
2021-09-07 14:24:21 INFO     	 Epoch 278 | average valid loss: 0.0243
2021-09-07 14:25:06 INFO     	 Epoch 279 | average train loss: 0.0144
2021-09-07 14:25:06 INFO     	 Epoch 279 | average valid loss: 0.0243
2021-09-07 14:25:12 INFO     	 valid MR: 144.51 | MRR: 0.344 | H@1: 0.249 | H@3: 0.381 | H@10: 0.535
2021-09-07 14:25:56 INFO     	 Epoch 280 | average train loss: 0.0144
2021-09-07 14:25:57 INFO     	 Epoch 280 | average valid loss: 0.0244
2021-09-07 14:26:41 INFO     	 Epoch 281 | average train loss: 0.0144
2021-09-07 14:26:41 INFO     	 Epoch 281 | average valid loss: 0.0243
2021-09-07 14:27:26 INFO     	 Epoch 282 | average train loss: 0.0144
2021-09-07 14:27:26 INFO     	 Epoch 282 | average valid loss: 0.0244
2021-09-07 14:28:10 INFO     	 Epoch 283 | average train loss: 0.0144
2021-09-07 14:28:11 INFO     	 Epoch 283 | average valid loss: 0.0244
2021-09-07 14:28:55 INFO     	 Epoch 284 | average train loss: 0.0144
2021-09-07 14:28:56 INFO     	 Epoch 284 | average valid loss: 0.0244
2021-09-07 14:29:03 INFO     	 valid MR: 144.46 | MRR: 0.344 | H@1: 0.249 | H@3: 0.381 | H@10: 0.533
2021-09-07 14:29:47 INFO     	 Epoch 285 | average train loss: 0.0144
2021-09-07 14:29:48 INFO     	 Epoch 285 | average valid loss: 0.0245
2021-09-07 14:30:33 INFO     	 Epoch 286 | average train loss: 0.0144
2021-09-07 14:30:33 INFO     	 Epoch 286 | average valid loss: 0.0244
2021-09-07 14:31:17 INFO     	 Epoch 287 | average train loss: 0.0143
2021-09-07 14:31:18 INFO     	 Epoch 287 | average valid loss: 0.0244
2021-09-07 14:32:01 INFO     	 Epoch 288 | average train loss: 0.0143
2021-09-07 14:32:01 INFO     	 Epoch 288 | average valid loss: 0.0244
2021-09-07 14:32:44 INFO     	 Epoch 289 | average train loss: 0.0143
2021-09-07 14:32:45 INFO     	 Epoch 289 | average valid loss: 0.0243
2021-09-07 14:32:52 INFO     	 valid MR: 144.69 | MRR: 0.344 | H@1: 0.248 | H@3: 0.380 | H@10: 0.533
2021-09-07 14:33:36 INFO     	 Epoch 290 | average train loss: 0.0143
2021-09-07 14:33:36 INFO     	 Epoch 290 | average valid loss: 0.0245
2021-09-07 14:34:21 INFO     	 Epoch 291 | average train loss: 0.0143
2021-09-07 14:34:21 INFO     	 Epoch 291 | average valid loss: 0.0245
2021-09-07 14:35:06 INFO     	 Epoch 292 | average train loss: 0.0143
2021-09-07 14:35:06 INFO     	 Epoch 292 | average valid loss: 0.0245
2021-09-07 14:35:51 INFO     	 Epoch 293 | average train loss: 0.0143
2021-09-07 14:35:51 INFO     	 Epoch 293 | average valid loss: 0.0245
2021-09-07 14:36:35 INFO     	 Epoch 294 | average train loss: 0.0143
2021-09-07 14:36:36 INFO     	 Epoch 294 | average valid loss: 0.0245
2021-09-07 14:36:42 INFO     	 valid MR: 144.05 | MRR: 0.345 | H@1: 0.250 | H@3: 0.379 | H@10: 0.533
2021-09-07 14:37:26 INFO     	 Epoch 295 | average train loss: 0.0143
2021-09-07 14:37:27 INFO     	 Epoch 295 | average valid loss: 0.0245
2021-09-07 14:38:11 INFO     	 Epoch 296 | average train loss: 0.0143
2021-09-07 14:38:12 INFO     	 Epoch 296 | average valid loss: 0.0245
2021-09-07 14:38:56 INFO     	 Epoch 297 | average train loss: 0.0143
2021-09-07 14:38:56 INFO     	 Epoch 297 | average valid loss: 0.0245
2021-09-07 14:39:40 INFO     	 Epoch 298 | average train loss: 0.0143
2021-09-07 14:39:40 INFO     	 Epoch 298 | average valid loss: 0.0245
2021-09-07 14:40:24 INFO     	 Epoch 299 | average train loss: 0.0142
2021-09-07 14:40:25 INFO     	 Epoch 299 | average valid loss: 0.0246
2021-09-07 14:40:31 INFO     	 valid MR: 144.83 | MRR: 0.345 | H@1: 0.250 | H@3: 0.381 | H@10: 0.534
2021-09-07 14:40:31 INFO     	 Saving model at epoch 299 in /home/datascienceadmin/silva/KGEmb/logs/09_07/FB237/RotH_10_52_45
2021-09-07 14:41:17 INFO     	 Epoch 300 | average train loss: 0.0142
2021-09-07 14:41:17 INFO     	 Epoch 300 | average valid loss: 0.0245
2021-09-07 14:41:59 INFO     	 Epoch 301 | average train loss: 0.0142
2021-09-07 14:41:59 INFO     	 Epoch 301 | average valid loss: 0.0246
2021-09-07 14:42:44 INFO     	 Epoch 302 | average train loss: 0.0142
2021-09-07 14:42:44 INFO     	 Epoch 302 | average valid loss: 0.0246
2021-09-07 14:43:28 INFO     	 Epoch 303 | average train loss: 0.0142
2021-09-07 14:43:28 INFO     	 Epoch 303 | average valid loss: 0.0246
2021-09-07 14:44:12 INFO     	 Epoch 304 | average train loss: 0.0142
2021-09-07 14:44:13 INFO     	 Epoch 304 | average valid loss: 0.0246
2021-09-07 14:44:19 INFO     	 valid MR: 144.10 | MRR: 0.344 | H@1: 0.250 | H@3: 0.380 | H@10: 0.532
2021-09-07 14:45:04 INFO     	 Epoch 305 | average train loss: 0.0142
2021-09-07 14:45:04 INFO     	 Epoch 305 | average valid loss: 0.0245
2021-09-07 14:45:48 INFO     	 Epoch 306 | average train loss: 0.0142
2021-09-07 14:45:49 INFO     	 Epoch 306 | average valid loss: 0.0247
2021-09-07 14:46:32 INFO     	 Epoch 307 | average train loss: 0.0142
2021-09-07 14:46:33 INFO     	 Epoch 307 | average valid loss: 0.0246
2021-09-07 14:47:17 INFO     	 Epoch 308 | average train loss: 0.0142
2021-09-07 14:47:17 INFO     	 Epoch 308 | average valid loss: 0.0246
2021-09-07 14:48:01 INFO     	 Epoch 309 | average train loss: 0.0142
2021-09-07 14:48:01 INFO     	 Epoch 309 | average valid loss: 0.0247
2021-09-07 14:48:08 INFO     	 valid MR: 144.72 | MRR: 0.345 | H@1: 0.251 | H@3: 0.381 | H@10: 0.532
2021-09-07 14:48:08 INFO     	 Saving model at epoch 309 in /home/datascienceadmin/silva/KGEmb/logs/09_07/FB237/RotH_10_52_45
2021-09-07 14:48:52 INFO     	 Epoch 310 | average train loss: 0.0142
2021-09-07 14:48:53 INFO     	 Epoch 310 | average valid loss: 0.0247
2021-09-07 14:49:37 INFO     	 Epoch 311 | average train loss: 0.0141
2021-09-07 14:49:38 INFO     	 Epoch 311 | average valid loss: 0.0246
2021-09-07 14:50:22 INFO     	 Epoch 312 | average train loss: 0.0141
2021-09-07 14:50:22 INFO     	 Epoch 312 | average valid loss: 0.0248
2021-09-07 14:51:06 INFO     	 Epoch 313 | average train loss: 0.0141
2021-09-07 14:51:07 INFO     	 Epoch 313 | average valid loss: 0.0248
2021-09-07 14:51:49 INFO     	 Epoch 314 | average train loss: 0.0141
2021-09-07 14:51:49 INFO     	 Epoch 314 | average valid loss: 0.0248
2021-09-07 14:51:56 INFO     	 valid MR: 144.37 | MRR: 0.345 | H@1: 0.250 | H@3: 0.380 | H@10: 0.534
2021-09-07 14:52:40 INFO     	 Epoch 315 | average train loss: 0.0141
2021-09-07 14:52:41 INFO     	 Epoch 315 | average valid loss: 0.0246
2021-09-07 14:53:25 INFO     	 Epoch 316 | average train loss: 0.0141
2021-09-07 14:53:25 INFO     	 Epoch 316 | average valid loss: 0.0247
2021-09-07 14:54:08 INFO     	 Epoch 317 | average train loss: 0.0141
2021-09-07 14:54:09 INFO     	 Epoch 317 | average valid loss: 0.0246
2021-09-07 14:54:52 INFO     	 Epoch 318 | average train loss: 0.0141
2021-09-07 14:54:53 INFO     	 Epoch 318 | average valid loss: 0.0247
2021-09-07 14:55:38 INFO     	 Epoch 319 | average train loss: 0.0141
2021-09-07 14:55:38 INFO     	 Epoch 319 | average valid loss: 0.0247
2021-09-07 14:55:45 INFO     	 valid MR: 145.25 | MRR: 0.345 | H@1: 0.250 | H@3: 0.381 | H@10: 0.534
2021-09-07 14:56:29 INFO     	 Epoch 320 | average train loss: 0.0140
2021-09-07 14:56:29 INFO     	 Epoch 320 | average valid loss: 0.0247
2021-09-07 14:57:12 INFO     	 Epoch 321 | average train loss: 0.0141
2021-09-07 14:57:13 INFO     	 Epoch 321 | average valid loss: 0.0248
2021-09-07 14:57:57 INFO     	 Epoch 322 | average train loss: 0.0140
2021-09-07 14:57:57 INFO     	 Epoch 322 | average valid loss: 0.0247
2021-09-07 14:58:41 INFO     	 Epoch 323 | average train loss: 0.0141
2021-09-07 14:58:42 INFO     	 Epoch 323 | average valid loss: 0.0247
2021-09-07 14:59:26 INFO     	 Epoch 324 | average train loss: 0.0140
2021-09-07 14:59:26 INFO     	 Epoch 324 | average valid loss: 0.0248
2021-09-07 14:59:34 INFO     	 valid MR: 144.80 | MRR: 0.345 | H@1: 0.250 | H@3: 0.380 | H@10: 0.533
2021-09-07 15:00:20 INFO     	 Epoch 325 | average train loss: 0.0140
2021-09-07 15:00:20 INFO     	 Epoch 325 | average valid loss: 0.0249
2021-09-07 15:01:06 INFO     	 Epoch 326 | average train loss: 0.0140
2021-09-07 15:01:06 INFO     	 Epoch 326 | average valid loss: 0.0249
2021-09-07 15:01:50 INFO     	 Epoch 327 | average train loss: 0.0140
2021-09-07 15:01:51 INFO     	 Epoch 327 | average valid loss: 0.0247
2021-09-07 15:02:35 INFO     	 Epoch 328 | average train loss: 0.0140
2021-09-07 15:02:36 INFO     	 Epoch 328 | average valid loss: 0.0248
2021-09-07 15:03:19 INFO     	 Epoch 329 | average train loss: 0.0140
2021-09-07 15:03:20 INFO     	 Epoch 329 | average valid loss: 0.0249
2021-09-07 15:03:27 INFO     	 valid MR: 144.71 | MRR: 0.345 | H@1: 0.251 | H@3: 0.381 | H@10: 0.532
2021-09-07 15:04:11 INFO     	 Epoch 330 | average train loss: 0.0140
2021-09-07 15:04:12 INFO     	 Epoch 330 | average valid loss: 0.0249
2021-09-07 15:04:56 INFO     	 Epoch 331 | average train loss: 0.0140
2021-09-07 15:04:56 INFO     	 Epoch 331 | average valid loss: 0.0250
2021-09-07 15:05:40 INFO     	 Epoch 332 | average train loss: 0.0140
2021-09-07 15:05:40 INFO     	 Epoch 332 | average valid loss: 0.0248
2021-09-07 15:06:24 INFO     	 Epoch 333 | average train loss: 0.0140
2021-09-07 15:06:25 INFO     	 Epoch 333 | average valid loss: 0.0248
2021-09-07 15:07:09 INFO     	 Epoch 334 | average train loss: 0.0140
2021-09-07 15:07:09 INFO     	 Epoch 334 | average valid loss: 0.0248
2021-09-07 15:07:17 INFO     	 valid MR: 145.03 | MRR: 0.345 | H@1: 0.250 | H@3: 0.380 | H@10: 0.533
2021-09-07 15:08:01 INFO     	 Epoch 335 | average train loss: 0.0140
2021-09-07 15:08:02 INFO     	 Epoch 335 | average valid loss: 0.0249
2021-09-07 15:08:47 INFO     	 Epoch 336 | average train loss: 0.0140
2021-09-07 15:08:47 INFO     	 Epoch 336 | average valid loss: 0.0250
2021-09-07 15:09:31 INFO     	 Epoch 337 | average train loss: 0.0139
2021-09-07 15:09:32 INFO     	 Epoch 337 | average valid loss: 0.0249
2021-09-07 15:10:16 INFO     	 Epoch 338 | average train loss: 0.0139
2021-09-07 15:10:16 INFO     	 Epoch 338 | average valid loss: 0.0249
2021-09-07 15:11:01 INFO     	 Epoch 339 | average train loss: 0.0139
2021-09-07 15:11:01 INFO     	 Epoch 339 | average valid loss: 0.0250
2021-09-07 15:11:08 INFO     	 valid MR: 145.64 | MRR: 0.344 | H@1: 0.248 | H@3: 0.381 | H@10: 0.533
2021-09-07 15:11:53 INFO     	 Epoch 340 | average train loss: 0.0139
2021-09-07 15:11:53 INFO     	 Epoch 340 | average valid loss: 0.0250
2021-09-07 15:12:38 INFO     	 Epoch 341 | average train loss: 0.0139
2021-09-07 15:12:39 INFO     	 Epoch 341 | average valid loss: 0.0249
2021-09-07 15:13:23 INFO     	 Epoch 342 | average train loss: 0.0139
2021-09-07 15:13:23 INFO     	 Epoch 342 | average valid loss: 0.0249
2021-09-07 15:14:07 INFO     	 Epoch 343 | average train loss: 0.0139
2021-09-07 15:14:07 INFO     	 Epoch 343 | average valid loss: 0.0249
2021-09-07 15:14:51 INFO     	 Epoch 344 | average train loss: 0.0139
2021-09-07 15:14:52 INFO     	 Epoch 344 | average valid loss: 0.0250
2021-09-07 15:15:00 INFO     	 valid MR: 144.80 | MRR: 0.345 | H@1: 0.251 | H@3: 0.380 | H@10: 0.535
2021-09-07 15:15:44 INFO     	 Epoch 345 | average train loss: 0.0139
2021-09-07 15:15:44 INFO     	 Epoch 345 | average valid loss: 0.0251
2021-09-07 15:16:28 INFO     	 Epoch 346 | average train loss: 0.0139
2021-09-07 15:16:28 INFO     	 Epoch 346 | average valid loss: 0.0251
2021-09-07 15:17:13 INFO     	 Epoch 347 | average train loss: 0.0139
2021-09-07 15:17:13 INFO     	 Epoch 347 | average valid loss: 0.0250
2021-09-07 15:17:57 INFO     	 Epoch 348 | average train loss: 0.0138
2021-09-07 15:17:58 INFO     	 Epoch 348 | average valid loss: 0.0250
2021-09-07 15:18:42 INFO     	 Epoch 349 | average train loss: 0.0139
2021-09-07 15:18:43 INFO     	 Epoch 349 | average valid loss: 0.0250
2021-09-07 15:18:50 INFO     	 valid MR: 144.64 | MRR: 0.344 | H@1: 0.249 | H@3: 0.382 | H@10: 0.534
2021-09-07 15:19:34 INFO     	 Epoch 350 | average train loss: 0.0139
2021-09-07 15:19:34 INFO     	 Epoch 350 | average valid loss: 0.0251
2021-09-07 15:20:19 INFO     	 Epoch 351 | average train loss: 0.0138
2021-09-07 15:20:19 INFO     	 Epoch 351 | average valid loss: 0.0250
2021-09-07 15:21:04 INFO     	 Epoch 352 | average train loss: 0.0138
2021-09-07 15:21:04 INFO     	 Epoch 352 | average valid loss: 0.0250
2021-09-07 15:21:48 INFO     	 Epoch 353 | average train loss: 0.0138
2021-09-07 15:21:49 INFO     	 Epoch 353 | average valid loss: 0.0251
2021-09-07 15:22:33 INFO     	 Epoch 354 | average train loss: 0.0138
2021-09-07 15:22:34 INFO     	 Epoch 354 | average valid loss: 0.0251
2021-09-07 15:22:41 INFO     	 valid MR: 144.50 | MRR: 0.346 | H@1: 0.251 | H@3: 0.382 | H@10: 0.534
2021-09-07 15:22:41 INFO     	 Saving model at epoch 354 in /home/datascienceadmin/silva/KGEmb/logs/09_07/FB237/RotH_10_52_45
2021-09-07 15:23:25 INFO     	 Epoch 355 | average train loss: 0.0138
2021-09-07 15:23:25 INFO     	 Epoch 355 | average valid loss: 0.0251
2021-09-07 15:24:10 INFO     	 Epoch 356 | average train loss: 0.0138
2021-09-07 15:24:10 INFO     	 Epoch 356 | average valid loss: 0.0251
2021-09-07 15:24:54 INFO     	 Epoch 357 | average train loss: 0.0138
2021-09-07 15:24:55 INFO     	 Epoch 357 | average valid loss: 0.0250
2021-09-07 15:25:39 INFO     	 Epoch 358 | average train loss: 0.0138
2021-09-07 15:25:39 INFO     	 Epoch 358 | average valid loss: 0.0249
2021-09-07 15:26:23 INFO     	 Epoch 359 | average train loss: 0.0138
2021-09-07 15:26:23 INFO     	 Epoch 359 | average valid loss: 0.0251
2021-09-07 15:26:31 INFO     	 valid MR: 144.96 | MRR: 0.346 | H@1: 0.251 | H@3: 0.383 | H@10: 0.533
2021-09-07 15:26:31 INFO     	 Saving model at epoch 359 in /home/datascienceadmin/silva/KGEmb/logs/09_07/FB237/RotH_10_52_45
2021-09-07 15:27:14 INFO     	 Epoch 360 | average train loss: 0.0138
2021-09-07 15:27:15 INFO     	 Epoch 360 | average valid loss: 0.0251
2021-09-07 15:27:59 INFO     	 Epoch 361 | average train loss: 0.0138
2021-09-07 15:28:00 INFO     	 Epoch 361 | average valid loss: 0.0252
2021-09-07 15:28:42 INFO     	 Epoch 362 | average train loss: 0.0138
2021-09-07 15:28:43 INFO     	 Epoch 362 | average valid loss: 0.0252
2021-09-07 15:29:27 INFO     	 Epoch 363 | average train loss: 0.0137
2021-09-07 15:29:27 INFO     	 Epoch 363 | average valid loss: 0.0252
2021-09-07 15:30:11 INFO     	 Epoch 364 | average train loss: 0.0138
2021-09-07 15:30:12 INFO     	 Epoch 364 | average valid loss: 0.0251
2021-09-07 15:30:19 INFO     	 valid MR: 145.24 | MRR: 0.345 | H@1: 0.251 | H@3: 0.381 | H@10: 0.534
2021-09-07 15:31:03 INFO     	 Epoch 365 | average train loss: 0.0137
2021-09-07 15:31:04 INFO     	 Epoch 365 | average valid loss: 0.0252
2021-09-07 15:31:48 INFO     	 Epoch 366 | average train loss: 0.0137
2021-09-07 15:31:49 INFO     	 Epoch 366 | average valid loss: 0.0252
2021-09-07 15:32:33 INFO     	 Epoch 367 | average train loss: 0.0137
2021-09-07 15:32:34 INFO     	 Epoch 367 | average valid loss: 0.0252
2021-09-07 15:33:17 INFO     	 Epoch 368 | average train loss: 0.0137
2021-09-07 15:33:18 INFO     	 Epoch 368 | average valid loss: 0.0252
2021-09-07 15:34:01 INFO     	 Epoch 369 | average train loss: 0.0137
2021-09-07 15:34:01 INFO     	 Epoch 369 | average valid loss: 0.0252
2021-09-07 15:34:09 INFO     	 valid MR: 145.59 | MRR: 0.345 | H@1: 0.250 | H@3: 0.380 | H@10: 0.533
2021-09-07 15:34:53 INFO     	 Epoch 370 | average train loss: 0.0137
2021-09-07 15:34:54 INFO     	 Epoch 370 | average valid loss: 0.0253
2021-09-07 15:35:38 INFO     	 Epoch 371 | average train loss: 0.0137
2021-09-07 15:35:39 INFO     	 Epoch 371 | average valid loss: 0.0252
2021-09-07 15:36:23 INFO     	 Epoch 372 | average train loss: 0.0137
2021-09-07 15:36:24 INFO     	 Epoch 372 | average valid loss: 0.0252
2021-09-07 15:37:08 INFO     	 Epoch 373 | average train loss: 0.0137
2021-09-07 15:37:08 INFO     	 Epoch 373 | average valid loss: 0.0251
2021-09-07 15:37:52 INFO     	 Epoch 374 | average train loss: 0.0137
2021-09-07 15:37:53 INFO     	 Epoch 374 | average valid loss: 0.0252
2021-09-07 15:38:00 INFO     	 valid MR: 145.34 | MRR: 0.345 | H@1: 0.251 | H@3: 0.382 | H@10: 0.535
2021-09-07 15:38:46 INFO     	 Epoch 375 | average train loss: 0.0137
2021-09-07 15:38:46 INFO     	 Epoch 375 | average valid loss: 0.0253
2021-09-07 15:39:30 INFO     	 Epoch 376 | average train loss: 0.0137
2021-09-07 15:39:30 INFO     	 Epoch 376 | average valid loss: 0.0254
2021-09-07 15:40:15 INFO     	 Epoch 377 | average train loss: 0.0137
2021-09-07 15:40:15 INFO     	 Epoch 377 | average valid loss: 0.0253
2021-09-07 15:40:58 INFO     	 Epoch 378 | average train loss: 0.0136
2021-09-07 15:40:59 INFO     	 Epoch 378 | average valid loss: 0.0253
2021-09-07 15:41:42 INFO     	 Epoch 379 | average train loss: 0.0136
2021-09-07 15:41:43 INFO     	 Epoch 379 | average valid loss: 0.0253
2021-09-07 15:41:51 INFO     	 valid MR: 145.14 | MRR: 0.346 | H@1: 0.252 | H@3: 0.380 | H@10: 0.534
2021-09-07 15:41:51 INFO     	 Saving model at epoch 379 in /home/datascienceadmin/silva/KGEmb/logs/09_07/FB237/RotH_10_52_45
2021-09-07 15:42:35 INFO     	 Epoch 380 | average train loss: 0.0136
2021-09-07 15:42:36 INFO     	 Epoch 380 | average valid loss: 0.0253
2021-09-07 15:43:19 INFO     	 Epoch 381 | average train loss: 0.0136
2021-09-07 15:43:20 INFO     	 Epoch 381 | average valid loss: 0.0254
2021-09-07 15:44:04 INFO     	 Epoch 382 | average train loss: 0.0136
2021-09-07 15:44:04 INFO     	 Epoch 382 | average valid loss: 0.0254
2021-09-07 15:44:48 INFO     	 Epoch 383 | average train loss: 0.0136
2021-09-07 15:44:49 INFO     	 Epoch 383 | average valid loss: 0.0255
2021-09-07 15:45:32 INFO     	 Epoch 384 | average train loss: 0.0136
2021-09-07 15:45:32 INFO     	 Epoch 384 | average valid loss: 0.0253
2021-09-07 15:45:39 INFO     	 valid MR: 144.55 | MRR: 0.344 | H@1: 0.249 | H@3: 0.382 | H@10: 0.533
2021-09-07 15:46:22 INFO     	 Epoch 385 | average train loss: 0.0136
2021-09-07 15:46:23 INFO     	 Epoch 385 | average valid loss: 0.0253
2021-09-07 15:47:06 INFO     	 Epoch 386 | average train loss: 0.0136
2021-09-07 15:47:06 INFO     	 Epoch 386 | average valid loss: 0.0253
2021-09-07 15:47:52 INFO     	 Epoch 387 | average train loss: 0.0136
2021-09-07 15:47:52 INFO     	 Epoch 387 | average valid loss: 0.0254
2021-09-07 15:48:37 INFO     	 Epoch 388 | average train loss: 0.0136
2021-09-07 15:48:38 INFO     	 Epoch 388 | average valid loss: 0.0254
2021-09-07 15:49:21 INFO     	 Epoch 389 | average train loss: 0.0136
2021-09-07 15:49:22 INFO     	 Epoch 389 | average valid loss: 0.0254
2021-09-07 15:49:29 INFO     	 valid MR: 144.67 | MRR: 0.346 | H@1: 0.251 | H@3: 0.380 | H@10: 0.534
2021-09-07 15:50:14 INFO     	 Epoch 390 | average train loss: 0.0136
2021-09-07 15:50:15 INFO     	 Epoch 390 | average valid loss: 0.0254
2021-09-07 15:51:00 INFO     	 Epoch 391 | average train loss: 0.0136
2021-09-07 15:51:00 INFO     	 Epoch 391 | average valid loss: 0.0254
2021-09-07 15:51:44 INFO     	 Epoch 392 | average train loss: 0.0135
2021-09-07 15:51:45 INFO     	 Epoch 392 | average valid loss: 0.0254
2021-09-07 15:52:29 INFO     	 Epoch 393 | average train loss: 0.0136
2021-09-07 15:52:29 INFO     	 Epoch 393 | average valid loss: 0.0256
2021-09-07 15:53:14 INFO     	 Epoch 394 | average train loss: 0.0136
2021-09-07 15:53:15 INFO     	 Epoch 394 | average valid loss: 0.0254
2021-09-07 15:53:23 INFO     	 valid MR: 146.02 | MRR: 0.345 | H@1: 0.249 | H@3: 0.383 | H@10: 0.536
2021-09-07 15:54:07 INFO     	 Epoch 395 | average train loss: 0.0135
2021-09-07 15:54:08 INFO     	 Epoch 395 | average valid loss: 0.0255
2021-09-07 15:54:50 INFO     	 Epoch 396 | average train loss: 0.0135
2021-09-07 15:54:51 INFO     	 Epoch 396 | average valid loss: 0.0255
2021-09-07 15:55:34 INFO     	 Epoch 397 | average train loss: 0.0136
2021-09-07 15:55:34 INFO     	 Epoch 397 | average valid loss: 0.0254
2021-09-07 15:56:19 INFO     	 Epoch 398 | average train loss: 0.0135
2021-09-07 15:56:20 INFO     	 Epoch 398 | average valid loss: 0.0253
2021-09-07 15:57:05 INFO     	 Epoch 399 | average train loss: 0.0135
2021-09-07 15:57:05 INFO     	 Epoch 399 | average valid loss: 0.0255
2021-09-07 15:57:13 INFO     	 valid MR: 145.55 | MRR: 0.345 | H@1: 0.249 | H@3: 0.382 | H@10: 0.532
2021-09-07 15:57:57 INFO     	 Epoch 400 | average train loss: 0.0135
2021-09-07 15:57:57 INFO     	 Epoch 400 | average valid loss: 0.0255
2021-09-07 15:58:41 INFO     	 Epoch 401 | average train loss: 0.0135
2021-09-07 15:58:41 INFO     	 Epoch 401 | average valid loss: 0.0255
2021-09-07 15:59:25 INFO     	 Epoch 402 | average train loss: 0.0135
2021-09-07 15:59:25 INFO     	 Epoch 402 | average valid loss: 0.0255
2021-09-07 16:00:09 INFO     	 Epoch 403 | average train loss: 0.0135
2021-09-07 16:00:09 INFO     	 Epoch 403 | average valid loss: 0.0255
2021-09-07 16:00:53 INFO     	 Epoch 404 | average train loss: 0.0135
2021-09-07 16:00:54 INFO     	 Epoch 404 | average valid loss: 0.0255
2021-09-07 16:01:02 INFO     	 valid MR: 145.30 | MRR: 0.344 | H@1: 0.249 | H@3: 0.381 | H@10: 0.533
2021-09-07 16:01:46 INFO     	 Epoch 405 | average train loss: 0.0135
2021-09-07 16:01:46 INFO     	 Epoch 405 | average valid loss: 0.0255
2021-09-07 16:02:30 INFO     	 Epoch 406 | average train loss: 0.0135
2021-09-07 16:02:31 INFO     	 Epoch 406 | average valid loss: 0.0255
2021-09-07 16:03:13 INFO     	 Epoch 407 | average train loss: 0.0135
2021-09-07 16:03:13 INFO     	 Epoch 407 | average valid loss: 0.0256
2021-09-07 16:03:58 INFO     	 Epoch 408 | average train loss: 0.0135
2021-09-07 16:03:58 INFO     	 Epoch 408 | average valid loss: 0.0256
2021-09-07 16:04:41 INFO     	 Epoch 409 | average train loss: 0.0135
2021-09-07 16:04:42 INFO     	 Epoch 409 | average valid loss: 0.0257
2021-09-07 16:04:50 INFO     	 valid MR: 145.24 | MRR: 0.344 | H@1: 0.247 | H@3: 0.383 | H@10: 0.532
2021-09-07 16:05:33 INFO     	 Epoch 410 | average train loss: 0.0135
2021-09-07 16:05:33 INFO     	 Epoch 410 | average valid loss: 0.0255
2021-09-07 16:06:16 INFO     	 Epoch 411 | average train loss: 0.0135
2021-09-07 16:06:16 INFO     	 Epoch 411 | average valid loss: 0.0255
2021-09-07 16:06:58 INFO     	 Epoch 412 | average train loss: 0.0135
2021-09-07 16:06:59 INFO     	 Epoch 412 | average valid loss: 0.0256
2021-09-07 16:07:44 INFO     	 Epoch 413 | average train loss: 0.0134
2021-09-07 16:07:44 INFO     	 Epoch 413 | average valid loss: 0.0256
2021-09-07 16:08:27 INFO     	 Epoch 414 | average train loss: 0.0135
2021-09-07 16:08:28 INFO     	 Epoch 414 | average valid loss: 0.0256
2021-09-07 16:08:35 INFO     	 valid MR: 145.66 | MRR: 0.345 | H@1: 0.250 | H@3: 0.381 | H@10: 0.534
2021-09-07 16:09:19 INFO     	 Epoch 415 | average train loss: 0.0134
2021-09-07 16:09:19 INFO     	 Epoch 415 | average valid loss: 0.0256
2021-09-07 16:10:04 INFO     	 Epoch 416 | average train loss: 0.0134
2021-09-07 16:10:05 INFO     	 Epoch 416 | average valid loss: 0.0256
2021-09-07 16:10:49 INFO     	 Epoch 417 | average train loss: 0.0134
2021-09-07 16:10:49 INFO     	 Epoch 417 | average valid loss: 0.0256
2021-09-07 16:11:35 INFO     	 Epoch 418 | average train loss: 0.0134
2021-09-07 16:11:36 INFO     	 Epoch 418 | average valid loss: 0.0256
2021-09-07 16:12:20 INFO     	 Epoch 419 | average train loss: 0.0134
2021-09-07 16:12:20 INFO     	 Epoch 419 | average valid loss: 0.0257
2021-09-07 16:12:28 INFO     	 valid MR: 146.07 | MRR: 0.345 | H@1: 0.250 | H@3: 0.381 | H@10: 0.533
2021-09-07 16:13:12 INFO     	 Epoch 420 | average train loss: 0.0134
2021-09-07 16:13:12 INFO     	 Epoch 420 | average valid loss: 0.0255
2021-09-07 16:13:57 INFO     	 Epoch 421 | average train loss: 0.0134
2021-09-07 16:13:57 INFO     	 Epoch 421 | average valid loss: 0.0256
2021-09-07 16:14:42 INFO     	 Epoch 422 | average train loss: 0.0134
2021-09-07 16:14:42 INFO     	 Epoch 422 | average valid loss: 0.0257
2021-09-07 16:15:26 INFO     	 Epoch 423 | average train loss: 0.0134
2021-09-07 16:15:26 INFO     	 Epoch 423 | average valid loss: 0.0256
2021-09-07 16:16:10 INFO     	 Epoch 424 | average train loss: 0.0134
2021-09-07 16:16:11 INFO     	 Epoch 424 | average valid loss: 0.0256
2021-09-07 16:16:18 INFO     	 valid MR: 145.95 | MRR: 0.346 | H@1: 0.251 | H@3: 0.381 | H@10: 0.533
2021-09-07 16:16:18 INFO     	 Saving model at epoch 424 in /home/datascienceadmin/silva/KGEmb/logs/09_07/FB237/RotH_10_52_45
2021-09-07 16:17:02 INFO     	 Epoch 425 | average train loss: 0.0134
2021-09-07 16:17:03 INFO     	 Epoch 425 | average valid loss: 0.0257
2021-09-07 16:17:48 INFO     	 Epoch 426 | average train loss: 0.0134
2021-09-07 16:17:48 INFO     	 Epoch 426 | average valid loss: 0.0256
2021-09-07 16:18:32 INFO     	 Epoch 427 | average train loss: 0.0134
2021-09-07 16:18:33 INFO     	 Epoch 427 | average valid loss: 0.0257
2021-09-07 16:19:15 INFO     	 Epoch 428 | average train loss: 0.0134
2021-09-07 16:19:16 INFO     	 Epoch 428 | average valid loss: 0.0256
2021-09-07 16:19:58 INFO     	 Epoch 429 | average train loss: 0.0134
2021-09-07 16:19:58 INFO     	 Epoch 429 | average valid loss: 0.0258
2021-09-07 16:20:06 INFO     	 valid MR: 145.38 | MRR: 0.345 | H@1: 0.250 | H@3: 0.381 | H@10: 0.533
2021-09-07 16:20:50 INFO     	 Epoch 430 | average train loss: 0.0133
2021-09-07 16:20:51 INFO     	 Epoch 430 | average valid loss: 0.0258
2021-09-07 16:21:34 INFO     	 Epoch 431 | average train loss: 0.0133
2021-09-07 16:21:35 INFO     	 Epoch 431 | average valid loss: 0.0257
2021-09-07 16:22:20 INFO     	 Epoch 432 | average train loss: 0.0133
2021-09-07 16:22:20 INFO     	 Epoch 432 | average valid loss: 0.0256
2021-09-07 16:23:04 INFO     	 Epoch 433 | average train loss: 0.0133
2021-09-07 16:23:05 INFO     	 Epoch 433 | average valid loss: 0.0258
2021-09-07 16:23:48 INFO     	 Epoch 434 | average train loss: 0.0133
2021-09-07 16:23:48 INFO     	 Epoch 434 | average valid loss: 0.0258
2021-09-07 16:23:56 INFO     	 valid MR: 145.65 | MRR: 0.346 | H@1: 0.251 | H@3: 0.380 | H@10: 0.535
2021-09-07 16:23:56 INFO     	 Saving model at epoch 434 in /home/datascienceadmin/silva/KGEmb/logs/09_07/FB237/RotH_10_52_45
2021-09-07 16:24:40 INFO     	 Epoch 435 | average train loss: 0.0133
2021-09-07 16:24:40 INFO     	 Epoch 435 | average valid loss: 0.0258
2021-09-07 16:25:24 INFO     	 Epoch 436 | average train loss: 0.0133
2021-09-07 16:25:25 INFO     	 Epoch 436 | average valid loss: 0.0258
2021-09-07 16:26:07 INFO     	 Epoch 437 | average train loss: 0.0133
2021-09-07 16:26:07 INFO     	 Epoch 437 | average valid loss: 0.0257
2021-09-07 16:26:50 INFO     	 Epoch 438 | average train loss: 0.0133
2021-09-07 16:26:51 INFO     	 Epoch 438 | average valid loss: 0.0258
2021-09-07 16:27:36 INFO     	 Epoch 439 | average train loss: 0.0133
2021-09-07 16:27:36 INFO     	 Epoch 439 | average valid loss: 0.0258
2021-09-07 16:27:44 INFO     	 valid MR: 145.94 | MRR: 0.344 | H@1: 0.249 | H@3: 0.381 | H@10: 0.534
2021-09-07 16:28:28 INFO     	 Epoch 440 | average train loss: 0.0133
2021-09-07 16:28:28 INFO     	 Epoch 440 | average valid loss: 0.0258
2021-09-07 16:29:12 INFO     	 Epoch 441 | average train loss: 0.0133
2021-09-07 16:29:12 INFO     	 Epoch 441 | average valid loss: 0.0258
2021-09-07 16:29:57 INFO     	 Epoch 442 | average train loss: 0.0133
2021-09-07 16:29:57 INFO     	 Epoch 442 | average valid loss: 0.0258
2021-09-07 16:30:43 INFO     	 Epoch 443 | average train loss: 0.0133
2021-09-07 16:30:43 INFO     	 Epoch 443 | average valid loss: 0.0258
2021-09-07 16:31:29 INFO     	 Epoch 444 | average train loss: 0.0133
2021-09-07 16:31:29 INFO     	 Epoch 444 | average valid loss: 0.0258
2021-09-07 16:31:38 INFO     	 valid MR: 145.47 | MRR: 0.345 | H@1: 0.251 | H@3: 0.380 | H@10: 0.534
2021-09-07 16:32:22 INFO     	 Epoch 445 | average train loss: 0.0133
2021-09-07 16:32:22 INFO     	 Epoch 445 | average valid loss: 0.0258
2021-09-07 16:33:06 INFO     	 Epoch 446 | average train loss: 0.0133
2021-09-07 16:33:06 INFO     	 Epoch 446 | average valid loss: 0.0260
2021-09-07 16:33:49 INFO     	 Epoch 447 | average train loss: 0.0133
2021-09-07 16:33:50 INFO     	 Epoch 447 | average valid loss: 0.0259
2021-09-07 16:34:34 INFO     	 Epoch 448 | average train loss: 0.0132
2021-09-07 16:34:35 INFO     	 Epoch 448 | average valid loss: 0.0258
2021-09-07 16:35:20 INFO     	 Epoch 449 | average train loss: 0.0133
2021-09-07 16:35:20 INFO     	 Epoch 449 | average valid loss: 0.0259
2021-09-07 16:35:28 INFO     	 valid MR: 145.72 | MRR: 0.345 | H@1: 0.251 | H@3: 0.381 | H@10: 0.533
2021-09-07 16:36:13 INFO     	 Epoch 450 | average train loss: 0.0132
2021-09-07 16:36:14 INFO     	 Epoch 450 | average valid loss: 0.0259
2021-09-07 16:36:59 INFO     	 Epoch 451 | average train loss: 0.0132
2021-09-07 16:36:59 INFO     	 Epoch 451 | average valid loss: 0.0258
2021-09-07 16:37:44 INFO     	 Epoch 452 | average train loss: 0.0133
2021-09-07 16:37:45 INFO     	 Epoch 452 | average valid loss: 0.0260
2021-09-07 16:38:28 INFO     	 Epoch 453 | average train loss: 0.0132
2021-09-07 16:38:29 INFO     	 Epoch 453 | average valid loss: 0.0258
2021-09-07 16:39:12 INFO     	 Epoch 454 | average train loss: 0.0132
2021-09-07 16:39:12 INFO     	 Epoch 454 | average valid loss: 0.0259
2021-09-07 16:39:20 INFO     	 valid MR: 146.31 | MRR: 0.346 | H@1: 0.252 | H@3: 0.382 | H@10: 0.534
2021-09-07 16:40:04 INFO     	 Epoch 455 | average train loss: 0.0132
2021-09-07 16:40:04 INFO     	 Epoch 455 | average valid loss: 0.0259
2021-09-07 16:40:47 INFO     	 Epoch 456 | average train loss: 0.0132
2021-09-07 16:40:48 INFO     	 Epoch 456 | average valid loss: 0.0258
2021-09-07 16:41:32 INFO     	 Epoch 457 | average train loss: 0.0132
2021-09-07 16:41:32 INFO     	 Epoch 457 | average valid loss: 0.0259
2021-09-07 16:42:16 INFO     	 Epoch 458 | average train loss: 0.0132
2021-09-07 16:42:17 INFO     	 Epoch 458 | average valid loss: 0.0260
2021-09-07 16:43:02 INFO     	 Epoch 459 | average train loss: 0.0132
2021-09-07 16:43:02 INFO     	 Epoch 459 | average valid loss: 0.0260
2021-09-07 16:43:12 INFO     	 valid MR: 145.35 | MRR: 0.345 | H@1: 0.250 | H@3: 0.380 | H@10: 0.533
2021-09-07 16:43:56 INFO     	 Epoch 460 | average train loss: 0.0132
2021-09-07 16:43:56 INFO     	 Epoch 460 | average valid loss: 0.0259
2021-09-07 16:44:40 INFO     	 Epoch 461 | average train loss: 0.0132
2021-09-07 16:44:40 INFO     	 Epoch 461 | average valid loss: 0.0260
2021-09-07 16:45:22 INFO     	 Epoch 462 | average train loss: 0.0132
2021-09-07 16:45:23 INFO     	 Epoch 462 | average valid loss: 0.0260
2021-09-07 16:46:06 INFO     	 Epoch 463 | average train loss: 0.0132
2021-09-07 16:46:07 INFO     	 Epoch 463 | average valid loss: 0.0261
2021-09-07 16:46:49 INFO     	 Epoch 464 | average train loss: 0.0132
2021-09-07 16:46:49 INFO     	 Epoch 464 | average valid loss: 0.0260
2021-09-07 16:46:57 INFO     	 valid MR: 145.68 | MRR: 0.345 | H@1: 0.250 | H@3: 0.380 | H@10: 0.534
2021-09-07 16:47:40 INFO     	 Epoch 465 | average train loss: 0.0132
2021-09-07 16:47:40 INFO     	 Epoch 465 | average valid loss: 0.0261
2021-09-07 16:48:23 INFO     	 Epoch 466 | average train loss: 0.0131
2021-09-07 16:48:24 INFO     	 Epoch 466 | average valid loss: 0.0260
2021-09-07 16:49:07 INFO     	 Epoch 467 | average train loss: 0.0132
2021-09-07 16:49:08 INFO     	 Epoch 467 | average valid loss: 0.0260
2021-09-07 16:49:50 INFO     	 Epoch 468 | average train loss: 0.0132
2021-09-07 16:49:51 INFO     	 Epoch 468 | average valid loss: 0.0260
2021-09-07 16:50:35 INFO     	 Epoch 469 | average train loss: 0.0132
2021-09-07 16:50:35 INFO     	 Epoch 469 | average valid loss: 0.0261
2021-09-07 16:50:43 INFO     	 valid MR: 145.94 | MRR: 0.344 | H@1: 0.249 | H@3: 0.382 | H@10: 0.533
2021-09-07 16:51:28 INFO     	 Epoch 470 | average train loss: 0.0131
2021-09-07 16:51:29 INFO     	 Epoch 470 | average valid loss: 0.0261
2021-09-07 16:52:13 INFO     	 Epoch 471 | average train loss: 0.0131
2021-09-07 16:52:14 INFO     	 Epoch 471 | average valid loss: 0.0261
2021-09-07 16:52:57 INFO     	 Epoch 472 | average train loss: 0.0132
2021-09-07 16:52:58 INFO     	 Epoch 472 | average valid loss: 0.0260
2021-09-07 16:53:41 INFO     	 Epoch 473 | average train loss: 0.0131
2021-09-07 16:53:41 INFO     	 Epoch 473 | average valid loss: 0.0261
2021-09-07 16:54:24 INFO     	 Epoch 474 | average train loss: 0.0131
2021-09-07 16:54:24 INFO     	 Epoch 474 | average valid loss: 0.0261
2021-09-07 16:54:32 INFO     	 valid MR: 146.36 | MRR: 0.345 | H@1: 0.250 | H@3: 0.381 | H@10: 0.534
2021-09-07 16:55:16 INFO     	 Epoch 475 | average train loss: 0.0131
2021-09-07 16:55:16 INFO     	 Epoch 475 | average valid loss: 0.0261
2021-09-07 16:56:01 INFO     	 Epoch 476 | average train loss: 0.0131
2021-09-07 16:56:01 INFO     	 Epoch 476 | average valid loss: 0.0262
2021-09-07 16:56:46 INFO     	 Epoch 477 | average train loss: 0.0131
2021-09-07 16:56:46 INFO     	 Epoch 477 | average valid loss: 0.0261
2021-09-07 16:57:30 INFO     	 Epoch 478 | average train loss: 0.0131
2021-09-07 16:57:30 INFO     	 Epoch 478 | average valid loss: 0.0261
2021-09-07 16:58:15 INFO     	 Epoch 479 | average train loss: 0.0131
2021-09-07 16:58:16 INFO     	 Epoch 479 | average valid loss: 0.0262
2021-09-07 16:58:24 INFO     	 valid MR: 146.01 | MRR: 0.345 | H@1: 0.250 | H@3: 0.379 | H@10: 0.533
2021-09-07 16:59:09 INFO     	 Epoch 480 | average train loss: 0.0131
2021-09-07 16:59:10 INFO     	 Epoch 480 | average valid loss: 0.0261
2021-09-07 16:59:53 INFO     	 Epoch 481 | average train loss: 0.0131
2021-09-07 16:59:54 INFO     	 Epoch 481 | average valid loss: 0.0261
2021-09-07 17:00:38 INFO     	 Epoch 482 | average train loss: 0.0131
2021-09-07 17:00:38 INFO     	 Epoch 482 | average valid loss: 0.0262
2021-09-07 17:01:22 INFO     	 Epoch 483 | average train loss: 0.0131
2021-09-07 17:01:23 INFO     	 Epoch 483 | average valid loss: 0.0262
2021-09-07 17:02:06 INFO     	 Epoch 484 | average train loss: 0.0131
2021-09-07 17:02:07 INFO     	 Epoch 484 | average valid loss: 0.0262
2021-09-07 17:02:15 INFO     	 valid MR: 147.02 | MRR: 0.345 | H@1: 0.250 | H@3: 0.380 | H@10: 0.534
2021-09-07 17:02:15 INFO     	 Early stopping
2021-09-07 17:02:15 INFO     	 Optimization finished
2021-09-07 17:02:15 INFO     	 Loading best model saved at epoch 434
2021-09-07 17:02:24 INFO     	 valid MR: 145.65 | MRR: 0.346 | H@1: 0.251 | H@3: 0.380 | H@10: 0.535
2021-09-07 17:02:33 INFO     	 test MR: 156.73 | MRR: 0.340 | H@1: 0.244 | H@3: 0.376 | H@10: 0.531
